Change Component Designator: Old Designator=C? New Designator=C3
Change Component Designator: Old Designator=C? New Designator=C4
Change Component Designator: Old Designator=C? New Designator=C5
Change Component Designator: Old Designator=C? New Designator=C6
Change Component Designator: Old Designator=D? New Designator=D1
Change Component Designator: Old Designator=D? New Designator=D2
Change Component Designator: Old Designator=D? New Designator=D3
Change Component Designator: Old Designator=D? New Designator=D4
Change Component Designator: Old Designator=DD? New Designator=DD1
Change Component Designator: Old Designator=DD? New Designator=DD2
Change Component Designator: Old Designator=DD? New Designator=DD3
Change Component Designator: Old Designator=DD? New Designator=DD4
Change Component Designator: Old Designator=R? New Designator=R11
Change Component Designator: Old Designator=R? New Designator=R12
Change Component Designator: Old Designator=R? New Designator=R13
Change Component Designator: Old Designator=R? New Designator=R14
Change Component Designator: Old Designator=SW? New Designator=SW3
Change Component Designator: Old Designator=SW? New Designator=SW4
Change Component Designator: Old Designator=SW? New Designator=SW5
Change Component Designator: Old Designator=SW? New Designator=SW6
Change Component Designator: Old Designator=SW? New Designator=SW7
Change Component Designator: Old Designator=SW? New Designator=SW8
Change Component Designator: Old Designator=U? New Designator=U5
