Removed Pin From Net: NetName=UART4_RX Pin=J1-09
Removed Pin From Net: NetName=UART4_TX Pin=J1-10
Removed Pin From Net: NetName=I2C1_SCL Pin=J1-11
Removed Pin From Net: NetName=I2C1_SDA Pin=J1-12
Removed Pin From Net: NetName=PWM1 Pin=J1-13
Removed Pin From Net: NetName=PWM2 Pin=J1-14
Removed Pin From Net: NetName=PWM3 Pin=J1-15
Removed Pin From Net: NetName=PWM4 Pin=J1-16
Removed Pin From Net: NetName=UART5_RX Pin=J1-17
Removed Pin From Net: NetName=UART5_TX Pin=J1-18
Removed Pin From Net: NetName=Power_plate_gpio1 Pin=J1-19
Removed Pin From Net: NetName=Power_plate_gpio2 Pin=J1-20
Removed Pin From Net: NetName=UART0_RX Pin=J1-21
Removed Pin From Net: NetName=UART0_TX Pin=J1-22
Removed Pin From Net: NetName=UART3_RX Pin=J1-23
Removed Pin From Net: NetName=UART3_TX Pin=J1-24
Added Pin To Net: NetName=PWM1 Pin=J1-09
Added Pin To Net: NetName=PWM2 Pin=J1-10
Added Pin To Net: NetName=PWM3 Pin=J1-11
Added Pin To Net: NetName=PWM4 Pin=J1-12
Added Pin To Net: NetName=UART4_RX Pin=J1-14
Added Pin To Net: NetName=UART4_TX Pin=J1-15
Added Pin To Net: NetName=UART5_RX Pin=J1-16
Added Pin To Net: NetName=UART5_TX Pin=J1-17
Added Pin To Net: NetName=Power_plate_gpio1 Pin=J1-18
Added Pin To Net: NetName=Power_plate_gpio2 Pin=J1-19
Added Pin To Net: NetName=UART0_RX Pin=J1-20
Added Pin To Net: NetName=UART0_TX Pin=J1-21
Added Pin To Net: NetName=UART3_RX Pin=J1-22
Added Pin To Net: NetName=UART3_TX Pin=J1-23
Added Pin To Net: NetName=I2C1_SCL Pin=J1-24
Added Pin To Net: NetName=I2C1_SDA Pin=J1-25
