Removed Pin From Net: NetName=UART3_RX Pin=DD2-2
Removed Pin From Net: NetName=UART3_TX Pin=DD2-3
Added Component: Designator=C3(C0402C)
Add component (AddParameter): Name = "ComponentLink1Description"; Value = "Datasheet"; VariantName = "[No Variations]"
Add component (AddParameter): Name = "ComponentLink1URL"; Value = ""; VariantName = "[No Variations]"
Add component (AddParameter): Name = "Dielectric"; Value = "X7R"; VariantName = "[No Variations]"
Add component (AddParameter): Name = "Manufacturer"; Value = "SAMSUNG"; VariantName = "[No Variations]"
Add component (AddParameter): Name = "Package"; Value = "SMD 0402"; VariantName = "[No Variations]"
Add component (AddParameter): Name = "Part Number"; Value = "CL05B103KA5NNNC"; VariantName = "[No Variations]"
Add component (AddParameter): Name = "Persent"; Value = "±10%"; VariantName = "[No Variations]"
Add component (AddParameter): Name = "Type"; Value = "Ceramic"; VariantName = "[No Variations]"
Add component (AddParameter): Name = "Value"; Value = "100 nF"; VariantName = "[No Variations]"
Add component (AddParameter): Name = "Voltage"; Value = "25 В"; VariantName = "[No Variations]"
Added Component: Designator=C4(C0805C)
Add component (AddParameter): Name = "ComponentLink1Description"; Value = "Datasheet"; VariantName = "[No Variations]"
Add component (AddParameter): Name = "ComponentLink1URL"; Value = ""; VariantName = "[No Variations]"
Add component (AddParameter): Name = "Dielectric"; Value = "X7R"; VariantName = "[No Variations]"
Add component (AddParameter): Name = "Manufacturer"; Value = "SAMSUNG"; VariantName = "[No Variations]"
Add component (AddParameter): Name = "Package"; Value = "SMD 0805"; VariantName = "[No Variations]"
Add component (AddParameter): Name = "Part Number"; Value = "CL21B106KOQNNNE"; VariantName = "[No Variations]"
Add component (AddParameter): Name = "Persent"; Value = "±15%"; VariantName = "[No Variations]"
Add component (AddParameter): Name = "Type"; Value = "Ceramic"; VariantName = "[No Variations]"
Add component (AddParameter): Name = "Value"; Value = "10 мкФ"; VariantName = "[No Variations]"
Add component (AddParameter): Name = "Voltage"; Value = "16 В"; VariantName = "[No Variations]"
Added Component: Designator=DA2(SOT-223)
Add component (AddParameter): Name = "Manufacturer"; Value = "STMicroelectronics"; VariantName = "[No Variations]"
Add component (AddParameter): Name = "Part Number"; Value = "LD1117S33TR"; VariantName = "[No Variations]"
Add component (AddParameter): Name = "Type"; Value = "Linear regulator"; VariantName = "[No Variations]"
Added Component: Designator=DD3(SOIC8N)
Add component (AddParameter): Name = "Case"; Value = "soic-8(0.154 inch)"; VariantName = "[No Variations]"
Add component (AddParameter): Name = "Datasheet"; Value = "https://static.chipdip.ru/lib/276/DOC000276899.pdf"; VariantName = "[No Variations]"
Add component (AddParameter): Name = "Manufacturer"; Value = "MAXIM"; VariantName = "[No Variations]"
Add component (AddParameter): Name = "Notice"; Value = "True fail-safe"; VariantName = "[No Variations]"
Add component (AddParameter): Name = "Rate"; Value = "3.3v"; VariantName = "[No Variations]"
Add component (AddParameter): Name = "Shop"; Value = "https://www.chipdip.ru/product/max3071eesa"; VariantName = "[No Variations]"
Add component (AddParameter): Name = "Value"; Value = "MAX3071E"; VariantName = "[No Variations]"
Added Component: Designator=DD4(SOIC8N)
Add component (AddParameter): Name = "Case"; Value = "soic-8(0.154 inch)"; VariantName = "[No Variations]"
Add component (AddParameter): Name = "Datasheet"; Value = "https://static.chipdip.ru/lib/276/DOC000276899.pdf"; VariantName = "[No Variations]"
Add component (AddParameter): Name = "Manufacturer"; Value = "MAXIM"; VariantName = "[No Variations]"
Add component (AddParameter): Name = "Notice"; Value = "True fail-safe"; VariantName = "[No Variations]"
Add component (AddParameter): Name = "Rate"; Value = "3.3v"; VariantName = "[No Variations]"
Add component (AddParameter): Name = "Shop"; Value = "https://www.chipdip.ru/product/max3071eesa"; VariantName = "[No Variations]"
Add component (AddParameter): Name = "Value"; Value = "MAX3071E"; VariantName = "[No Variations]"
Added Component: Designator=TP7(TP)
Added Component: Designator=TP8(TP)
Added Component: Designator=TP9(TP)
Added Component: Designator=TP10(TP)
Added Pin To Net: NetName=5V Pin=C3-1
Added Pin To Net: NetName=GND Pin=C3-2
Added Pin To Net: NetName=3.3V Pin=C4-1
Added Pin To Net: NetName=GND Pin=C4-2
Added Pin To Net: NetName=GND Pin=DA2-1
Added Pin To Net: NetName=3.3V Pin=DA2-2
Added Pin To Net: NetName=5V Pin=DA2-3
Added Pin To Net: NetName=3.3V Pin=DA2-4
Added Pin To Net: NetName=3.3V Pin=DD3-1
Added Pin To Net: NetName=UART3_RX Pin=DD3-2
Added Pin To Net: NetName=UART3_TX Pin=DD3-3
Added Pin To Net: NetName=GND Pin=DD3-4
Added Pin To Net: NetName=3.3V Pin=DD4-1
Added Pin To Net: NetName=UART4_RX Pin=DD4-2
Added Pin To Net: NetName=UART4_TX Pin=DD4-3
Added Pin To Net: NetName=GND Pin=DD4-4
Added Pin To Net: NetName=RS485_3_N Pin=DD3-5
Added Pin To Net: NetName=RS485_3_N Pin=DD3-7
Added Net: Name=RS485_3_N
Added Pin To Net: NetName=RS485_3_P Pin=DD3-6
Added Pin To Net: NetName=RS485_3_P Pin=DD3-8
Added Net: Name=RS485_3_P
Added Pin To Net: NetName=RS485_4_N Pin=DD4-5
Added Pin To Net: NetName=RS485_4_N Pin=DD4-7
Added Net: Name=RS485_4_N
Added Pin To Net: NetName=RS485_4_P Pin=DD4-6
Added Pin To Net: NetName=RS485_4_P Pin=DD4-8
Added Net: Name=RS485_4_P
Added Pin To Net: NetName=UART2_RX Pin=DD2-2
Added Pin To Net: NetName=UART2_RX Pin=TP7-1
Added Pin To Net: NetName=UART2_RX Pin=Все юарты обозначены относительно максов, то есть обратно относительно малины-27
Added Net: Name=UART2_RX
Added Pin To Net: NetName=UART2_TX Pin=DD2-3
Added Pin To Net: NetName=UART2_TX Pin=TP8-1
Added Pin To Net: NetName=UART2_TX Pin=Все юарты обозначены относительно максов, то есть обратно относительно малины-28
Added Net: Name=UART2_TX
Added Pin To Net: NetName=UART5_RX Pin=TP9-1
Added Pin To Net: NetName=UART5_RX Pin=Все юарты обозначены относительно максов, то есть обратно относительно малины-32
Added Net: Name=UART5_RX
Added Pin To Net: NetName=UART5_TX Pin=TP10-1
Added Pin To Net: NetName=UART5_TX Pin=Все юарты обозначены относительно максов, то есть обратно относительно малины-33
Added Net: Name=UART5_TX
Added Differential Pair: Name=RS485_3
Added Differential Pair: Name=RS485_4
Added Member To Class: ClassName=Main Member=Component C3 100 nF
Added Member To Class: ClassName=Main Member=Component C4 10 мкФ
Added Member To Class: ClassName=Main Member=Component DA2 LD1117S33TR
Added Member To Class: ClassName=Main Member=Component DD3 MAX3071E
Added Member To Class: ClassName=Main Member=Component DD4 MAX3071E
Added Member To Class: ClassName=Main Member=Component TP7 TP
Added Member To Class: ClassName=Main Member=Component TP8 TP
Added Member To Class: ClassName=Main Member=Component TP9 TP
Added Member To Class: ClassName=Main Member=Component TP10 TP
