Added Component: Designator=DD1(SOIC8N)
Add component (AddParameter): Name = "Case"; Value = "soic-8(0.154 inch)"; VariantName = "[No Variations]"
Add component (AddParameter): Name = "Datasheet"; Value = "https://static.chipdip.ru/lib/276/DOC000276899.pdf"; VariantName = "[No Variations]"
Add component (AddParameter): Name = "Manufacturer"; Value = "MAXIM"; VariantName = "[No Variations]"
Add component (AddParameter): Name = "Notice"; Value = "True fail-safe"; VariantName = "[No Variations]"
Add component (AddParameter): Name = "Rate"; Value = "3.3v"; VariantName = "[No Variations]"
Add component (AddParameter): Name = "Shop"; Value = "https://www.chipdip.ru/product/max3071eesa"; VariantName = "[No Variations]"
Add component (AddParameter): Name = "Value"; Value = "MAX3071E"; VariantName = "[No Variations]"
Added Component: Designator=DD2(SOIC8N)
Add component (AddParameter): Name = "Case"; Value = "soic-8(0.154 inch)"; VariantName = "[No Variations]"
Add component (AddParameter): Name = "Datasheet"; Value = "https://static.chipdip.ru/lib/276/DOC000276899.pdf"; VariantName = "[No Variations]"
Add component (AddParameter): Name = "Manufacturer"; Value = "MAXIM"; VariantName = "[No Variations]"
Add component (AddParameter): Name = "Notice"; Value = "True fail-safe"; VariantName = "[No Variations]"
Add component (AddParameter): Name = "Rate"; Value = "3.3v"; VariantName = "[No Variations]"
Add component (AddParameter): Name = "Shop"; Value = "https://www.chipdip.ru/product/max3071eesa"; VariantName = "[No Variations]"
Add component (AddParameter): Name = "Value"; Value = "MAX3071E"; VariantName = "[No Variations]"
Added Component: Designator=J1(AMPHENOL_D25S13F6GL00LF)
Add component (AddParameter): Name = "Availability"; Value = "In Stock"; VariantName = "[No Variations]"
Add component (AddParameter): Name = "Check_prices"; Value = "https://www.snapeda.com/parts/D25S13F6GL00LF/Amphenol+FCI/view-part/?ref=eda"; VariantName = "[No Variations]"
Add component (AddParameter): Name = "MF"; Value = "Amphenol ICC (FCI)"; VariantName = "[No Variations]"
Add component (AddParameter): Name = "MP"; Value = "D25S13F6GL00LF"; VariantName = "[No Variations]"
Add component (AddParameter): Name = "Package"; Value = "None"; VariantName = "[No Variations]"
Add component (AddParameter): Name = "Price"; Value = "None"; VariantName = "[No Variations]"
Add component (AddParameter): Name = "Purchase-URL"; Value = "https://pricing.snapeda.com/search/part/D25S13F6GL00LF/?ref=eda"; VariantName = "[No Variations]"
Add component (AddParameter): Name = "SnapEDA_Link"; Value = "https://www.snapeda.com/parts/D25S13F6GL00LF/Amphenol+FCI/view-part/?ref=snap"; VariantName = "[No Variations]"
Add component (AddParameter): Name = "Value"; Value = ""; VariantName = "[No Variations]"
Added Component: Designator=XP1(XT30PW-M)
Add component (AddParameter): Name = "Manufacturer"; Value = "AMASS"; VariantName = "[No Variations]"
Add component (AddParameter): Name = "Part Number"; Value = "XT30PW-M"; VariantName = "[No Variations]"
Add component (AddParameter): Name = "Type"; Value = "XT"; VariantName = "[No Variations]"
Added Component: Designator=Все юарты обозначены относительно максов, то есть обратно относительно малины(PLD40)
Add component (AddParameter): Name = "Case"; Value = ""; VariantName = "[No Variations]"
Add component (AddParameter): Name = "Datasheet"; Value = "https://lib.chipdip.ru/463/DOC002463525.pdf"; VariantName = "[No Variations]"
Add component (AddParameter): Name = "Manufacturer"; Value = "Connfly"; VariantName = "[No Variations]"
Add component (AddParameter): Name = "Notice"; Value = "Вилка штырьевая 40 пинов, шаг 2,54мм"; VariantName = "[No Variations]"
Add component (AddParameter): Name = "Rate"; Value = "500В AC 1min"; VariantName = "[No Variations]"
Add component (AddParameter): Name = "Shop"; Value = "https://www.chipdip.ru/product/pld-40"; VariantName = "[No Variations]"
Add component (AddParameter): Name = "Value"; Value = "PLD40"; VariantName = "[No Variations]"
Add component (AddParameter): Name = "Value1"; Value = "{Value1}"; VariantName = "[No Variations]"
Add component (AddParameter): Name = "Value2"; Value = "{Value2}"; VariantName = "[No Variations]"
Add component (AddParameter): Name = "Value3"; Value = "{Value3}"; VariantName = "[No Variations]"
Add component (AddParameter): Name = "Value4"; Value = "{Value4}"; VariantName = "[No Variations]"
Add component (AddParameter): Name = "Value5"; Value = "{Value5}"; VariantName = "[No Variations]"
Add component (AddParameter): Name = "Value6"; Value = "{Value6}"; VariantName = "[No Variations]"
Add component (AddParameter): Name = "Value7"; Value = "{Value7}"; VariantName = "[No Variations]"
Add component (AddParameter): Name = "Value8"; Value = "{Value8}"; VariantName = "[No Variations]"
Add component (AddParameter): Name = "Value9"; Value = "{Value9}"; VariantName = "[No Variations]"
Add component (AddParameter): Name = "Value10"; Value = "{Value10}"; VariantName = "[No Variations]"
Add component (AddParameter): Name = "Value11"; Value = "{Value11}"; VariantName = "[No Variations]"
Add component (AddParameter): Name = "Value12"; Value = "{Value12}"; VariantName = "[No Variations]"
Add component (AddParameter): Name = "Value13"; Value = "{Value13}"; VariantName = "[No Variations]"
Add component (AddParameter): Name = "Value14"; Value = "{Value14}"; VariantName = "[No Variations]"
Add component (AddParameter): Name = "Value15"; Value = "{Value15}"; VariantName = "[No Variations]"
Add component (AddParameter): Name = "Value16"; Value = "{Value16}"; VariantName = "[No Variations]"
Add component (AddParameter): Name = "Value17"; Value = "{Value17}"; VariantName = "[No Variations]"
Add component (AddParameter): Name = "Value18"; Value = "{Value18}"; VariantName = "[No Variations]"
Add component (AddParameter): Name = "Value19"; Value = "{Value19}"; VariantName = "[No Variations]"
Add component (AddParameter): Name = "Value20"; Value = "{Value20}"; VariantName = "[No Variations]"
Add component (AddParameter): Name = "Value21"; Value = "{Value21}"; VariantName = "[No Variations]"
Add component (AddParameter): Name = "Value22"; Value = "{Value22}"; VariantName = "[No Variations]"
Add component (AddParameter): Name = "Value23"; Value = "{Value23}"; VariantName = "[No Variations]"
Add component (AddParameter): Name = "Value24"; Value = "{Value24}"; VariantName = "[No Variations]"
Add component (AddParameter): Name = "Value25"; Value = "{Value25}"; VariantName = "[No Variations]"
Add component (AddParameter): Name = "Value26"; Value = "{Value26}"; VariantName = "[No Variations]"
Add component (AddParameter): Name = "Value27"; Value = "{Value27}"; VariantName = "[No Variations]"
Add component (AddParameter): Name = "Value28"; Value = "{Value28}"; VariantName = "[No Variations]"
Add component (AddParameter): Name = "Value29"; Value = "{Value29}"; VariantName = "[No Variations]"
Add component (AddParameter): Name = "Value30"; Value = "{Value30}"; VariantName = "[No Variations]"
Add component (AddParameter): Name = "Value31"; Value = "{Value31}"; VariantName = "[No Variations]"
Add component (AddParameter): Name = "Value32"; Value = "{Value32}"; VariantName = "[No Variations]"
Add component (AddParameter): Name = "Value33"; Value = "{Value33}"; VariantName = "[No Variations]"
Add component (AddParameter): Name = "Value34"; Value = "{Value34}"; VariantName = "[No Variations]"
Add component (AddParameter): Name = "Value35"; Value = "{Value35}"; VariantName = "[No Variations]"
Add component (AddParameter): Name = "Value36"; Value = "{Value36}"; VariantName = "[No Variations]"
Add component (AddParameter): Name = "Value37"; Value = "{Value37}"; VariantName = "[No Variations]"
Add component (AddParameter): Name = "Value38"; Value = "{Value38}"; VariantName = "[No Variations]"
Add component (AddParameter): Name = "Value39"; Value = "{Value39}"; VariantName = "[No Variations]"
Add component (AddParameter): Name = "Value40"; Value = "{Value40}"; VariantName = "[No Variations]"
Added Pin To Net: NetName=3.3V Pin=DD1-1
Added Pin To Net: NetName=3.3V Pin=DD2-1
Added Pin To Net: NetName=3.3V Pin=Все юарты обозначены относительно максов, то есть обратно относительно малины-1
Added Pin To Net: NetName=3.3V Pin=Все юарты обозначены относительно максов, то есть обратно относительно малины-17
Added Net: Name=3.3V
Added Pin To Net: NetName=5V Pin=XP1-2
Added Pin To Net: NetName=5V Pin=Все юарты обозначены относительно максов, то есть обратно относительно малины-2
Added Pin To Net: NetName=5V Pin=Все юарты обозначены относительно максов, то есть обратно относительно малины-4
Added Net: Name=5V
Added Pin To Net: NetName=GND Pin=DD1-4
Added Pin To Net: NetName=GND Pin=DD2-4
Added Pin To Net: NetName=GND Pin=XP1-1
Added Pin To Net: NetName=GND Pin=Все юарты обозначены относительно максов, то есть обратно относительно малины-6
Added Pin To Net: NetName=GND Pin=Все юарты обозначены относительно максов, то есть обратно относительно малины-9
Added Pin To Net: NetName=GND Pin=Все юарты обозначены относительно максов, то есть обратно относительно малины-14
Added Pin To Net: NetName=GND Pin=Все юарты обозначены относительно максов, то есть обратно относительно малины-20
Added Pin To Net: NetName=GND Pin=Все юарты обозначены относительно максов, то есть обратно относительно малины-25
Added Pin To Net: NetName=GND Pin=Все юарты обозначены относительно максов, то есть обратно относительно малины-30
Added Pin To Net: NetName=GND Pin=Все юарты обозначены относительно максов, то есть обратно относительно малины-34
Added Pin To Net: NetName=GND Pin=Все юарты обозначены относительно максов, то есть обратно относительно малины-39
Added Net: Name=GND
Added Pin To Net: NetName=I2C1_SCL Pin=J1-03
Added Pin To Net: NetName=I2C1_SCL Pin=Все юарты обозначены относительно максов, то есть обратно относительно малины-5
Added Net: Name=I2C1_SCL
Added Pin To Net: NetName=I2C1_SDA Pin=J1-04
Added Pin To Net: NetName=I2C1_SDA Pin=Все юарты обозначены относительно максов, то есть обратно относительно малины-3
Added Net: Name=I2C1_SDA
Added Pin To Net: NetName=NetLabel44 Pin=Все юарты обозначены относительно максов, то есть обратно относительно малины-11
Added Net: Name=NetLabel44
Added Pin To Net: NetName=NetLabel45 Pin=Все юарты обозначены относительно максов, то есть обратно относительно малины-12
Added Net: Name=NetLabel45
Added Pin To Net: NetName=NetLabel46 Pin=Все юарты обозначены относительно максов, то есть обратно относительно малины-13
Added Net: Name=NetLabel46
Added Pin To Net: NetName=NetLabel47 Pin=Все юарты обозначены относительно максов, то есть обратно относительно малины-15
Added Net: Name=NetLabel47
Added Pin To Net: NetName=NetLabel48 Pin=Все юарты обозначены относительно максов, то есть обратно относительно малины-16
Added Net: Name=NetLabel48
Added Pin To Net: NetName=NetLabel49 Pin=Все юарты обозначены относительно максов, то есть обратно относительно малины-18
Added Net: Name=NetLabel49
Added Pin To Net: NetName=NetLabel50 Pin=Все юарты обозначены относительно максов, то есть обратно относительно малины-19
Added Net: Name=NetLabel50
Added Pin To Net: NetName=NetLabel52 Pin=Все юарты обозначены относительно максов, то есть обратно относительно малины-22
Added Net: Name=NetLabel52
Added Pin To Net: NetName=NetLabel53 Pin=Все юарты обозначены относительно максов, то есть обратно относительно малины-23
Added Net: Name=NetLabel53
Added Pin To Net: NetName=NetLabel55 Pin=Все юарты обозначены относительно максов, то есть обратно относительно малины-26
Added Net: Name=NetLabel55
Added Pin To Net: NetName=NetLabel56 Pin=Все юарты обозначены относительно максов, то есть обратно относительно малины-27
Added Net: Name=NetLabel56
Added Pin To Net: NetName=NetLabel57 Pin=Все юарты обозначены относительно максов, то есть обратно относительно малины-28
Added Net: Name=NetLabel57
Added Pin To Net: NetName=NetLabel59 Pin=Все юарты обозначены относительно максов, то есть обратно относительно малины-31
Added Net: Name=NetLabel59
Added Pin To Net: NetName=NetLabel61 Pin=Все юарты обозначены относительно максов, то есть обратно относительно малины-33
Added Net: Name=NetLabel61
Added Pin To Net: NetName=NetLabel62 Pin=Все юарты обозначены относительно максов, то есть обратно относительно малины-35
Added Net: Name=NetLabel62
Added Pin To Net: NetName=NetLabel63 Pin=Все юарты обозначены относительно максов, то есть обратно относительно малины-36
Added Net: Name=NetLabel63
Added Pin To Net: NetName=NetLabel64 Pin=Все юарты обозначены относительно максов, то есть обратно относительно малины-37
Added Net: Name=NetLabel64
Added Pin To Net: NetName=NetLabel65 Pin=Все юарты обозначены относительно максов, то есть обратно относительно малины-38
Added Net: Name=NetLabel65
Added Pin To Net: NetName=NetLabel66 Pin=Все юарты обозначены относительно максов, то есть обратно относительно малины-40
Added Net: Name=NetLabel66
Added Pin To Net: NetName=NetLabel83 Pin=J1-13
Added Net: Name=NetLabel83
Added Pin To Net: NetName=NetLabel84 Pin=J1-14
Added Net: Name=NetLabel84
Added Pin To Net: NetName=NetLabel85 Pin=J1-15
Added Net: Name=NetLabel85
Added Pin To Net: NetName=NetLabel86 Pin=J1-16
Added Net: Name=NetLabel86
Added Pin To Net: NetName=NetLabel87 Pin=J1-17
Added Net: Name=NetLabel87
Added Pin To Net: NetName=NetLabel88 Pin=J1-18
Added Net: Name=NetLabel88
Added Pin To Net: NetName=NetLabel89 Pin=J1-19
Added Net: Name=NetLabel89
Added Pin To Net: NetName=NetLabel90 Pin=J1-20
Added Net: Name=NetLabel90
Added Pin To Net: NetName=NetLabel91 Pin=J1-21
Added Net: Name=NetLabel91
Added Pin To Net: NetName=NetLabel92 Pin=J1-22
Added Net: Name=NetLabel92
Added Pin To Net: NetName=NetLabel93 Pin=J1-23
Added Net: Name=NetLabel93
Added Pin To Net: NetName=NetLabel94 Pin=J1-24
Added Net: Name=NetLabel94
Added Pin To Net: NetName=NetLabel95 Pin=J1-25
Added Net: Name=NetLabel95
Added Pin To Net: NetName=RS485_2_N Pin=DD2-5
Added Pin To Net: NetName=RS485_2_N Pin=DD2-7
Added Pin To Net: NetName=RS485_2_N Pin=J1-12
Added Net: Name=RS485_2_N
Added Pin To Net: NetName=RS485_2_P Pin=DD2-6
Added Pin To Net: NetName=RS485_2_P Pin=DD2-8
Added Pin To Net: NetName=RS485_2_P Pin=J1-11
Added Net: Name=RS485_2_P
Added Pin To Net: NetName=RS485_N Pin=DD1-5
Added Pin To Net: NetName=RS485_N Pin=DD1-7
Added Pin To Net: NetName=RS485_N Pin=J1-01
Added Net: Name=RS485_N
Added Pin To Net: NetName=RS485_P Pin=DD1-6
Added Pin To Net: NetName=RS485_P Pin=DD1-8
Added Pin To Net: NetName=RS485_P Pin=J1-02
Added Net: Name=RS485_P
Added Pin To Net: NetName=UART0_RX Pin=DD1-2
Added Pin To Net: NetName=UART0_RX Pin=J1-05
Added Pin To Net: NetName=UART0_RX Pin=Все юарты обозначены относительно максов, то есть обратно относительно малины-8
Added Net: Name=UART0_RX
Added Pin To Net: NetName=UART0_TX Pin=DD1-3
Added Pin To Net: NetName=UART0_TX Pin=J1-06
Added Pin To Net: NetName=UART0_TX Pin=Все юарты обозначены относительно максов, то есть обратно относительно малины-10
Added Net: Name=UART0_TX
Added Pin To Net: NetName=UART3_RX Pin=DD2-2
Added Pin To Net: NetName=UART3_RX Pin=J1-07
Added Pin To Net: NetName=UART3_RX Pin=Все юарты обозначены относительно максов, то есть обратно относительно малины-7
Added Net: Name=UART3_RX
Added Pin To Net: NetName=UART3_TX Pin=DD2-3
Added Pin To Net: NetName=UART3_TX Pin=J1-08
Added Pin To Net: NetName=UART3_TX Pin=Все юарты обозначены относительно максов, то есть обратно относительно малины-29
Added Net: Name=UART3_TX
Added Pin To Net: NetName=UART4_RX Pin=J1-09
Added Pin To Net: NetName=UART4_RX Pin=Все юарты обозначены относительно максов, то есть обратно относительно малины-24
Added Net: Name=UART4_RX
Added Pin To Net: NetName=UART4_TX Pin=J1-10
Added Pin To Net: NetName=UART4_TX Pin=Все юарты обозначены относительно максов, то есть обратно относительно малины-21
Added Net: Name=UART4_TX
Added Class: Name=Main
Added Differential Pair: Name=RS485_2
Added Differential Pair: Name=RS485
