Removed Pin From Net: NetName=3.3V Pin=Все юарты обозначены относительно максов, то есть обратно относительно малины-1
Removed Pin From Net: NetName=5V Pin=Все юарты обозначены относительно максов, то есть обратно относительно малины-2
Removed Pin From Net: NetName=I2C1_SDA Pin=Все юарты обозначены относительно максов, то есть обратно относительно малины-3
Removed Pin From Net: NetName=5V Pin=Все юарты обозначены относительно максов, то есть обратно относительно малины-4
Removed Pin From Net: NetName=I2C1_SCL Pin=Все юарты обозначены относительно максов, то есть обратно относительно малины-5
Removed Pin From Net: NetName=GND Pin=Все юарты обозначены относительно максов, то есть обратно относительно малины-6
Removed Pin From Net: NetName=UART3_RX Pin=Все юарты обозначены относительно максов, то есть обратно относительно малины-7
Removed Pin From Net: NetName=UART0_RX Pin=Все юарты обозначены относительно максов, то есть обратно относительно малины-8
Removed Pin From Net: NetName=GND Pin=Все юарты обозначены относительно максов, то есть обратно относительно малины-9
Removed Pin From Net: NetName=UART0_TX Pin=Все юарты обозначены относительно максов, то есть обратно относительно малины-10
Removed Pin From Net: NetName=GND Pin=Все юарты обозначены относительно максов, то есть обратно относительно малины-14
Removed Pin From Net: NetName=3.3V Pin=Все юарты обозначены относительно максов, то есть обратно относительно малины-17
Removed Pin From Net: NetName=GND Pin=Все юарты обозначены относительно максов, то есть обратно относительно малины-20
Removed Pin From Net: NetName=UART4_TX Pin=Все юарты обозначены относительно максов, то есть обратно относительно малины-21
Removed Pin From Net: NetName=UART4_RX Pin=Все юарты обозначены относительно максов, то есть обратно относительно малины-24
Removed Pin From Net: NetName=GND Pin=Все юарты обозначены относительно максов, то есть обратно относительно малины-25
Removed Pin From Net: NetName=UART2_RX Pin=Все юарты обозначены относительно максов, то есть обратно относительно малины-27
Removed Pin From Net: NetName=UART2_TX Pin=Все юарты обозначены относительно максов, то есть обратно относительно малины-28
Removed Pin From Net: NetName=UART3_TX Pin=Все юарты обозначены относительно максов, то есть обратно относительно малины-29
Removed Pin From Net: NetName=GND Pin=Все юарты обозначены относительно максов, то есть обратно относительно малины-30
Removed Pin From Net: NetName=UART5_RX Pin=Все юарты обозначены относительно максов, то есть обратно относительно малины-32
Removed Pin From Net: NetName=UART5_TX Pin=Все юарты обозначены относительно максов, то есть обратно относительно малины-33
Removed Pin From Net: NetName=GND Pin=Все юарты обозначены относительно максов, то есть обратно относительно малины-34
Removed Pin From Net: NetName=GND Pin=Все юарты обозначены относительно максов, то есть обратно относительно малины-39
Removed Member From Class: ClassName=Main Member=Все юарты обозначены относительно максов, то есть обратно относительно малины
Added Component: Designator=U?(MODULE_RASPBERRY_PI_4B_4GB)
Add component (AddParameter): Name = "Availability"; Value = "In Stock"; VariantName = "[No Variations]"
Add component (AddParameter): Name = "Check_prices"; Value = "https://www.snapeda.com/parts/RASPBERRY%20PI%204B/4GB/Raspberry+Pi/view-part/?ref=eda"; VariantName = "[No Variations]"
Add component (AddParameter): Name = "MF"; Value = "Raspberry Pi"; VariantName = "[No Variations]"
Add component (AddParameter): Name = "MP"; Value = "RASPBERRY PI 4B/4GB"; VariantName = "[No Variations]"
Add component (AddParameter): Name = "Package"; Value = "None"; VariantName = "[No Variations]"
Add component (AddParameter): Name = "Price"; Value = "None"; VariantName = "[No Variations]"
Add component (AddParameter): Name = "Purchase-URL"; Value = "https://pricing.snapeda.com/search/part/RASPBERRY PI 4B/4GB/?ref=eda"; VariantName = "[No Variations]"
Add component (AddParameter): Name = "SnapEDA_Link"; Value = "https://www.snapeda.com/parts/RASPBERRY%20PI%204B/4GB/Raspberry+Pi/view-part/?ref=snap"; VariantName = "[No Variations]"
Add component (AddParameter): Name = "Value"; Value = ""; VariantName = "[No Variations]"
Added Pin To Net: NetName=5V Pin=U?-2
Added Pin To Net: NetName=I2C1_SDA Pin=U?-3
Added Pin To Net: NetName=5V Pin=U?-4
Added Pin To Net: NetName=I2C1_SCL Pin=U?-5
Added Pin To Net: NetName=GND Pin=U?-6
Added Pin To Net: NetName=UART3_RX Pin=U?-7
Added Pin To Net: NetName=UART0_RX Pin=U?-8
Added Pin To Net: NetName=GND Pin=U?-9
Added Pin To Net: NetName=UART0_TX Pin=U?-10
Added Pin To Net: NetName=GND Pin=U?-14
Added Pin To Net: NetName=GND Pin=U?-20
Added Pin To Net: NetName=UART4_TX Pin=U?-21
Added Pin To Net: NetName=UART4_RX Pin=U?-24
Added Pin To Net: NetName=GND Pin=U?-25
Added Pin To Net: NetName=UART2_RX Pin=U?-27
Added Pin To Net: NetName=UART2_TX Pin=U?-28
Added Pin To Net: NetName=UART3_TX Pin=U?-29
Added Pin To Net: NetName=GND Pin=U?-30
Added Pin To Net: NetName=UART5_RX Pin=U?-32
Added Pin To Net: NetName=UART5_TX Pin=U?-33
Added Pin To Net: NetName=GND Pin=U?-34
Added Pin To Net: NetName=GND Pin=U?-39
Added Member To Class: ClassName=Main Member=Component U? RASPBERRY_PI_4B_4GB
