Added Component: Designator=Все юарты обозначены относительно максов, то есть обратно относительно малины(PLD40)
Add component (AddParameter): Name = "Case"; Value = ""; VariantName = "[No Variations]"
Add component (AddParameter): Name = "Datasheet"; Value = "https://lib.chipdip.ru/463/DOC002463525.pdf"; VariantName = "[No Variations]"
Add component (AddParameter): Name = "Manufacturer"; Value = "Connfly"; VariantName = "[No Variations]"
Add component (AddParameter): Name = "Notice"; Value = "Вилка штырьевая 40 пинов, шаг 2,54мм"; VariantName = "[No Variations]"
Add component (AddParameter): Name = "Rate"; Value = "500В AC 1min"; VariantName = "[No Variations]"
Add component (AddParameter): Name = "Shop"; Value = "https://www.chipdip.ru/product/pld-40"; VariantName = "[No Variations]"
Add component (AddParameter): Name = "Value"; Value = " RPI 4B"; VariantName = "[No Variations]"
Add component (AddParameter): Name = "Value1"; Value = "{Value1}"; VariantName = "[No Variations]"
Add component (AddParameter): Name = "Value2"; Value = "{Value2}"; VariantName = "[No Variations]"
Add component (AddParameter): Name = "Value3"; Value = "{Value3}"; VariantName = "[No Variations]"
Add component (AddParameter): Name = "Value4"; Value = "{Value4}"; VariantName = "[No Variations]"
Add component (AddParameter): Name = "Value5"; Value = "{Value5}"; VariantName = "[No Variations]"
Add component (AddParameter): Name = "Value6"; Value = "{Value6}"; VariantName = "[No Variations]"
Add component (AddParameter): Name = "Value7"; Value = "{Value7}"; VariantName = "[No Variations]"
Add component (AddParameter): Name = "Value8"; Value = "{Value8}"; VariantName = "[No Variations]"
Add component (AddParameter): Name = "Value9"; Value = "{Value9}"; VariantName = "[No Variations]"
Add component (AddParameter): Name = "Value10"; Value = "{Value10}"; VariantName = "[No Variations]"
Add component (AddParameter): Name = "Value11"; Value = "{Value11}"; VariantName = "[No Variations]"
Add component (AddParameter): Name = "Value12"; Value = "{Value12}"; VariantName = "[No Variations]"
Add component (AddParameter): Name = "Value13"; Value = "{Value13}"; VariantName = "[No Variations]"
Add component (AddParameter): Name = "Value14"; Value = "{Value14}"; VariantName = "[No Variations]"
Add component (AddParameter): Name = "Value15"; Value = "{Value15}"; VariantName = "[No Variations]"
Add component (AddParameter): Name = "Value16"; Value = "{Value16}"; VariantName = "[No Variations]"
Add component (AddParameter): Name = "Value17"; Value = "{Value17}"; VariantName = "[No Variations]"
Add component (AddParameter): Name = "Value18"; Value = "{Value18}"; VariantName = "[No Variations]"
Add component (AddParameter): Name = "Value19"; Value = "{Value19}"; VariantName = "[No Variations]"
Add component (AddParameter): Name = "Value20"; Value = "{Value20}"; VariantName = "[No Variations]"
Add component (AddParameter): Name = "Value21"; Value = "{Value21}"; VariantName = "[No Variations]"
Add component (AddParameter): Name = "Value22"; Value = "{Value22}"; VariantName = "[No Variations]"
Add component (AddParameter): Name = "Value23"; Value = "{Value23}"; VariantName = "[No Variations]"
Add component (AddParameter): Name = "Value24"; Value = "{Value24}"; VariantName = "[No Variations]"
Add component (AddParameter): Name = "Value25"; Value = "{Value25}"; VariantName = "[No Variations]"
Add component (AddParameter): Name = "Value26"; Value = "{Value26}"; VariantName = "[No Variations]"
Add component (AddParameter): Name = "Value27"; Value = "{Value27}"; VariantName = "[No Variations]"
Add component (AddParameter): Name = "Value28"; Value = "{Value28}"; VariantName = "[No Variations]"
Add component (AddParameter): Name = "Value29"; Value = "{Value29}"; VariantName = "[No Variations]"
Add component (AddParameter): Name = "Value30"; Value = "{Value30}"; VariantName = "[No Variations]"
Add component (AddParameter): Name = "Value31"; Value = "{Value31}"; VariantName = "[No Variations]"
Add component (AddParameter): Name = "Value32"; Value = "{Value32}"; VariantName = "[No Variations]"
Add component (AddParameter): Name = "Value33"; Value = "{Value33}"; VariantName = "[No Variations]"
Add component (AddParameter): Name = "Value34"; Value = "{Value34}"; VariantName = "[No Variations]"
Add component (AddParameter): Name = "Value35"; Value = "{Value35}"; VariantName = "[No Variations]"
Add component (AddParameter): Name = "Value36"; Value = "{Value36}"; VariantName = "[No Variations]"
Add component (AddParameter): Name = "Value37"; Value = "{Value37}"; VariantName = "[No Variations]"
Add component (AddParameter): Name = "Value38"; Value = "{Value38}"; VariantName = "[No Variations]"
Add component (AddParameter): Name = "Value39"; Value = "{Value39}"; VariantName = "[No Variations]"
Add component (AddParameter): Name = "Value40"; Value = "{Value40}"; VariantName = "[No Variations]"
Added Pin To Net: NetName=3.3V Pin=Все юарты обозначены относительно максов, то есть обратно относительно малины-1
Added Pin To Net: NetName=5V Pin=Все юарты обозначены относительно максов, то есть обратно относительно малины-2
Added Pin To Net: NetName=I2C1_SDA Pin=Все юарты обозначены относительно максов, то есть обратно относительно малины-3
Added Pin To Net: NetName=5V Pin=Все юарты обозначены относительно максов, то есть обратно относительно малины-4
Added Pin To Net: NetName=I2C1_SCL Pin=Все юарты обозначены относительно максов, то есть обратно относительно малины-5
Added Pin To Net: NetName=GND Pin=Все юарты обозначены относительно максов, то есть обратно относительно малины-6
Added Pin To Net: NetName=UART3_RX Pin=Все юарты обозначены относительно максов, то есть обратно относительно малины-7
Added Pin To Net: NetName=UART0_RX Pin=Все юарты обозначены относительно максов, то есть обратно относительно малины-8
Added Pin To Net: NetName=GND Pin=Все юарты обозначены относительно максов, то есть обратно относительно малины-9
Added Pin To Net: NetName=UART0_TX Pin=Все юарты обозначены относительно максов, то есть обратно относительно малины-10
Added Pin To Net: NetName=NetLabel44 Pin=Все юарты обозначены относительно максов, то есть обратно относительно малины-11
Added Pin To Net: NetName=NetLabel45 Pin=Все юарты обозначены относительно максов, то есть обратно относительно малины-12
Added Pin To Net: NetName=NetLabel46 Pin=Все юарты обозначены относительно максов, то есть обратно относительно малины-13
Added Pin To Net: NetName=GND Pin=Все юарты обозначены относительно максов, то есть обратно относительно малины-14
Added Pin To Net: NetName=NetLabel47 Pin=Все юарты обозначены относительно максов, то есть обратно относительно малины-15
Added Pin To Net: NetName=NetLabel48 Pin=Все юарты обозначены относительно максов, то есть обратно относительно малины-16
Added Pin To Net: NetName=3.3V Pin=Все юарты обозначены относительно максов, то есть обратно относительно малины-17
Added Pin To Net: NetName=NetLabel49 Pin=Все юарты обозначены относительно максов, то есть обратно относительно малины-18
Added Pin To Net: NetName=NetLabel50 Pin=Все юарты обозначены относительно максов, то есть обратно относительно малины-19
Added Pin To Net: NetName=GND Pin=Все юарты обозначены относительно максов, то есть обратно относительно малины-20
Added Pin To Net: NetName=UART4_TX Pin=Все юарты обозначены относительно максов, то есть обратно относительно малины-21
Added Pin To Net: NetName=NetLabel52 Pin=Все юарты обозначены относительно максов, то есть обратно относительно малины-22
Added Pin To Net: NetName=NetLabel53 Pin=Все юарты обозначены относительно максов, то есть обратно относительно малины-23
Added Pin To Net: NetName=UART4_RX Pin=Все юарты обозначены относительно максов, то есть обратно относительно малины-24
Added Pin To Net: NetName=GND Pin=Все юарты обозначены относительно максов, то есть обратно относительно малины-25
Added Pin To Net: NetName=NetLabel55 Pin=Все юарты обозначены относительно максов, то есть обратно относительно малины-26
Added Pin To Net: NetName=NetLabel56 Pin=Все юарты обозначены относительно максов, то есть обратно относительно малины-27
Added Pin To Net: NetName=NetLabel57 Pin=Все юарты обозначены относительно максов, то есть обратно относительно малины-28
Added Pin To Net: NetName=UART3_TX Pin=Все юарты обозначены относительно максов, то есть обратно относительно малины-29
Added Pin To Net: NetName=GND Pin=Все юарты обозначены относительно максов, то есть обратно относительно малины-30
Added Pin To Net: NetName=NetLabel59 Pin=Все юарты обозначены относительно максов, то есть обратно относительно малины-31
Added Pin To Net: NetName=NetLabel61 Pin=Все юарты обозначены относительно максов, то есть обратно относительно малины-33
Added Pin To Net: NetName=GND Pin=Все юарты обозначены относительно максов, то есть обратно относительно малины-34
Added Pin To Net: NetName=NetLabel62 Pin=Все юарты обозначены относительно максов, то есть обратно относительно малины-35
Added Pin To Net: NetName=NetLabel63 Pin=Все юарты обозначены относительно максов, то есть обратно относительно малины-36
Added Pin To Net: NetName=NetLabel64 Pin=Все юарты обозначены относительно максов, то есть обратно относительно малины-37
Added Pin To Net: NetName=NetLabel65 Pin=Все юарты обозначены относительно максов, то есть обратно относительно малины-38
Added Pin To Net: NetName=GND Pin=Все юарты обозначены относительно максов, то есть обратно относительно малины-39
Added Pin To Net: NetName=NetLabel66 Pin=Все юарты обозначены относительно максов, то есть обратно относительно малины-40
Added Member To Class: ClassName=Main Member=Component Все юарты обозначены относительно максов, то есть обратно относительно малины PLD40
