Removed Pin From Net: NetName=PWM1 Pin=U?-6
Removed Pin From Net: NetName=PWM2 Pin=U?-7
Removed Pin From Net: NetName=PWM3 Pin=U?-8
Removed Pin From Net: NetName=PWM4 Pin=U?-9
Change Component Designator: OldDesignator=TP? NewDesignator=TP1
Change Component Designator: OldDesignator=TP? NewDesignator=TP2
Change Component Designator: OldDesignator=TP? NewDesignator=TP3
Change Component Designator: OldDesignator=TP? NewDesignator=TP4
Change Component Designator: OldDesignator=TP? NewDesignator=TP5
Change Component Designator: OldDesignator=TP? NewDesignator=TP6
Change Component Designator: OldDesignator=U? NewDesignator=U1
Added Component: Designator=U2(DIP794W45P254L1969H508Q16)
Add component (AddParameter): Name = "Check_prices"; Value = "https://www.snapeda.com/parts/CD40109BE/Texas+Instruments/view-part/?ref=eda"; VariantName = "[No Variations]"
Add component (AddParameter): Name = "MF"; Value = "Texas Instruments"; VariantName = "[No Variations]"
Add component (AddParameter): Name = "MP"; Value = "CD40109BE"; VariantName = "[No Variations]"
Add component (AddParameter): Name = "Package"; Value = "PDIP-16 Texas Instruments"; VariantName = "[No Variations]"
Add component (AddParameter): Name = "SnapEDA_Link"; Value = "https://www.snapeda.com/parts/CD40109BE/Texas+Instruments/view-part/?ref=snap"; VariantName = "[No Variations]"
Add component (AddParameter): Name = "Value"; Value = ""; VariantName = "[No Variations]"
Added Pin To Net: NetName=PWM1 Pin=U2-4
Added Pin To Net: NetName=PWM2 Pin=U2-5
Added Pin To Net: NetName=PWM3 Pin=U2-11
Added Pin To Net: NetName=PWM4 Pin=U2-13
Added Pin To Net: NetName=NetU1_6 Pin=U1-6
Added Pin To Net: NetName=NetU1_6 Pin=U2-3
Added Net: Name=NetU1_6
Added Pin To Net: NetName=NetU1_7 Pin=U1-7
Added Pin To Net: NetName=NetU1_7 Pin=U2-6
Added Net: Name=NetU1_7
Added Pin To Net: NetName=NetU1_8 Pin=U1-8
Added Pin To Net: NetName=NetU1_8 Pin=U2-10
Added Net: Name=NetU1_8
Added Pin To Net: NetName=NetU1_9 Pin=U1-9
Added Pin To Net: NetName=NetU1_9 Pin=U2-14
Added Net: Name=NetU1_9
Added Member To Class: ClassName=Main Member=Component TP2 TP
Added Member To Class: ClassName=Main Member=Component TP3 TP
Added Member To Class: ClassName=Main Member=Component TP4 TP
Added Member To Class: ClassName=Main Member=Component TP5 TP
Added Member To Class: ClassName=Main Member=Component TP6 TP
Added Member To Class: ClassName=Main Member=Component U2 CD40109BE
