Added Component: Designator=C1(C0402C)
Add component (AddParameter): Name = "ComponentLink1Description"; Value = "Datasheet"; VariantName = "[No Variations]"
Add component (AddParameter): Name = "ComponentLink1URL"; Value = ""; VariantName = "[No Variations]"
Add component (AddParameter): Name = "Dielectric"; Value = "X7R"; VariantName = "[No Variations]"
Add component (AddParameter): Name = "Manufacturer"; Value = "SAMSUNG"; VariantName = "[No Variations]"
Add component (AddParameter): Name = "Package"; Value = "SMD 0402"; VariantName = "[No Variations]"
Add component (AddParameter): Name = "Part Number"; Value = "CL05B103KA5NNNC"; VariantName = "[No Variations]"
Add component (AddParameter): Name = "Persent"; Value = "±10%"; VariantName = "[No Variations]"
Add component (AddParameter): Name = "Type"; Value = "Ceramic"; VariantName = "[No Variations]"
Add component (AddParameter): Name = "Value"; Value = "100 nF"; VariantName = "[No Variations]"
Add component (AddParameter): Name = "Voltage"; Value = "25 В"; VariantName = "[No Variations]"
Added Component: Designator=C2(C0805C)
Add component (AddParameter): Name = "ComponentLink1Description"; Value = "Datasheet"; VariantName = "[No Variations]"
Add component (AddParameter): Name = "ComponentLink1URL"; Value = ""; VariantName = "[No Variations]"
Add component (AddParameter): Name = "Dielectric"; Value = "X7R"; VariantName = "[No Variations]"
Add component (AddParameter): Name = "Manufacturer"; Value = "SAMSUNG"; VariantName = "[No Variations]"
Add component (AddParameter): Name = "Package"; Value = "SMD 0805"; VariantName = "[No Variations]"
Add component (AddParameter): Name = "Part Number"; Value = "CL21B106KOQNNNE"; VariantName = "[No Variations]"
Add component (AddParameter): Name = "Persent"; Value = "±15%"; VariantName = "[No Variations]"
Add component (AddParameter): Name = "Type"; Value = "Ceramic"; VariantName = "[No Variations]"
Add component (AddParameter): Name = "Value"; Value = "10 мкФ"; VariantName = "[No Variations]"
Add component (AddParameter): Name = "Voltage"; Value = "16 В"; VariantName = "[No Variations]"
Added Component: Designator=C3(C0402C)
Add component (AddParameter): Name = "ComponentLink1Description"; Value = "Datasheet"; VariantName = "[No Variations]"
Add component (AddParameter): Name = "ComponentLink1URL"; Value = ""; VariantName = "[No Variations]"
Add component (AddParameter): Name = "Dielectric"; Value = "X7R"; VariantName = "[No Variations]"
Add component (AddParameter): Name = "Manufacturer"; Value = "SAMSUNG"; VariantName = "[No Variations]"
Add component (AddParameter): Name = "Package"; Value = "SMD 0402"; VariantName = "[No Variations]"
Add component (AddParameter): Name = "Part Number"; Value = "CL05B103KA5NNNC"; VariantName = "[No Variations]"
Add component (AddParameter): Name = "Persent"; Value = "±10%"; VariantName = "[No Variations]"
Add component (AddParameter): Name = "Type"; Value = "Ceramic"; VariantName = "[No Variations]"
Add component (AddParameter): Name = "Value"; Value = "100 nF"; VariantName = "[No Variations]"
Add component (AddParameter): Name = "Voltage"; Value = "25 В"; VariantName = "[No Variations]"
Added Component: Designator=C4(C0805C)
Add component (AddParameter): Name = "ComponentLink1Description"; Value = "Datasheet"; VariantName = "[No Variations]"
Add component (AddParameter): Name = "ComponentLink1URL"; Value = ""; VariantName = "[No Variations]"
Add component (AddParameter): Name = "Dielectric"; Value = "X7R"; VariantName = "[No Variations]"
Add component (AddParameter): Name = "Manufacturer"; Value = "SAMSUNG"; VariantName = "[No Variations]"
Add component (AddParameter): Name = "Package"; Value = "SMD 0805"; VariantName = "[No Variations]"
Add component (AddParameter): Name = "Part Number"; Value = "CL21B106KOQNNNE"; VariantName = "[No Variations]"
Add component (AddParameter): Name = "Persent"; Value = "±15%"; VariantName = "[No Variations]"
Add component (AddParameter): Name = "Type"; Value = "Ceramic"; VariantName = "[No Variations]"
Add component (AddParameter): Name = "Value"; Value = "10 мкФ"; VariantName = "[No Variations]"
Add component (AddParameter): Name = "Voltage"; Value = "16 В"; VariantName = "[No Variations]"
Added Component: Designator=DA1(SOT-223)
Add component (AddParameter): Name = "Manufacturer"; Value = "STMicroelectronics"; VariantName = "[No Variations]"
Add component (AddParameter): Name = "Part Number"; Value = "LD1117S33TR"; VariantName = "[No Variations]"
Add component (AddParameter): Name = "Type"; Value = "Linear regulator"; VariantName = "[No Variations]"
Added Component: Designator=DA2(SOT-223)
Add component (AddParameter): Name = "Manufacturer"; Value = "STMicroelectronics"; VariantName = "[No Variations]"
Add component (AddParameter): Name = "Part Number"; Value = "LD1117S33TR"; VariantName = "[No Variations]"
Add component (AddParameter): Name = "Type"; Value = "Linear regulator"; VariantName = "[No Variations]"
Added Component: Designator=DD1(SOIC8N)
Add component (AddParameter): Name = "Case"; Value = "soic-8(0.154 inch)"; VariantName = "[No Variations]"
Add component (AddParameter): Name = "Datasheet"; Value = "https://static.chipdip.ru/lib/276/DOC000276899.pdf"; VariantName = "[No Variations]"
Add component (AddParameter): Name = "Manufacturer"; Value = "MAXIM"; VariantName = "[No Variations]"
Add component (AddParameter): Name = "Notice"; Value = "True fail-safe"; VariantName = "[No Variations]"
Add component (AddParameter): Name = "Rate"; Value = "3.3v"; VariantName = "[No Variations]"
Add component (AddParameter): Name = "Shop"; Value = "https://www.chipdip.ru/product/max3071eesa"; VariantName = "[No Variations]"
Add component (AddParameter): Name = "Value"; Value = "MAX3071E"; VariantName = "[No Variations]"
Added Component: Designator=DD2(SOIC8N)
Add component (AddParameter): Name = "Case"; Value = "soic-8(0.154 inch)"; VariantName = "[No Variations]"
Add component (AddParameter): Name = "Datasheet"; Value = "https://static.chipdip.ru/lib/276/DOC000276899.pdf"; VariantName = "[No Variations]"
Add component (AddParameter): Name = "Manufacturer"; Value = "MAXIM"; VariantName = "[No Variations]"
Add component (AddParameter): Name = "Notice"; Value = "True fail-safe"; VariantName = "[No Variations]"
Add component (AddParameter): Name = "Rate"; Value = "3.3v"; VariantName = "[No Variations]"
Add component (AddParameter): Name = "Shop"; Value = "https://www.chipdip.ru/product/max3071eesa"; VariantName = "[No Variations]"
Add component (AddParameter): Name = "Value"; Value = "MAX3071E"; VariantName = "[No Variations]"
Added Component: Designator=DD3(SOIC8N)
Add component (AddParameter): Name = "Case"; Value = "soic-8(0.154 inch)"; VariantName = "[No Variations]"
Add component (AddParameter): Name = "Datasheet"; Value = "https://static.chipdip.ru/lib/276/DOC000276899.pdf"; VariantName = "[No Variations]"
Add component (AddParameter): Name = "Manufacturer"; Value = "MAXIM"; VariantName = "[No Variations]"
Add component (AddParameter): Name = "Notice"; Value = "True fail-safe"; VariantName = "[No Variations]"
Add component (AddParameter): Name = "Rate"; Value = "3.3v"; VariantName = "[No Variations]"
Add component (AddParameter): Name = "Shop"; Value = "https://www.chipdip.ru/product/max3071eesa"; VariantName = "[No Variations]"
Add component (AddParameter): Name = "Value"; Value = "MAX3071E"; VariantName = "[No Variations]"
Added Component: Designator=DD4(SOIC8N)
Add component (AddParameter): Name = "Case"; Value = "soic-8(0.154 inch)"; VariantName = "[No Variations]"
Add component (AddParameter): Name = "Datasheet"; Value = "https://static.chipdip.ru/lib/276/DOC000276899.pdf"; VariantName = "[No Variations]"
Add component (AddParameter): Name = "Manufacturer"; Value = "MAXIM"; VariantName = "[No Variations]"
Add component (AddParameter): Name = "Notice"; Value = "True fail-safe"; VariantName = "[No Variations]"
Add component (AddParameter): Name = "Rate"; Value = "3.3v"; VariantName = "[No Variations]"
Add component (AddParameter): Name = "Shop"; Value = "https://www.chipdip.ru/product/max3071eesa"; VariantName = "[No Variations]"
Add component (AddParameter): Name = "Value"; Value = "MAX3071E"; VariantName = "[No Variations]"
Added Component: Designator=J1(AMPHENOL_D25S13F6GL00LF)
Add component (AddParameter): Name = "Availability"; Value = "In Stock"; VariantName = "[No Variations]"
Add component (AddParameter): Name = "Check_prices"; Value = "https://www.snapeda.com/parts/D25S13F6GL00LF/Amphenol+FCI/view-part/?ref=eda"; VariantName = "[No Variations]"
Add component (AddParameter): Name = "MF"; Value = "Amphenol ICC (FCI)"; VariantName = "[No Variations]"
Add component (AddParameter): Name = "MP"; Value = "D25S13F6GL00LF"; VariantName = "[No Variations]"
Add component (AddParameter): Name = "Package"; Value = "None"; VariantName = "[No Variations]"
Add component (AddParameter): Name = "Price"; Value = "None"; VariantName = "[No Variations]"
Add component (AddParameter): Name = "Purchase-URL"; Value = "https://pricing.snapeda.com/search/part/D25S13F6GL00LF/?ref=eda"; VariantName = "[No Variations]"
Add component (AddParameter): Name = "SnapEDA_Link"; Value = "https://www.snapeda.com/parts/D25S13F6GL00LF/Amphenol+FCI/view-part/?ref=snap"; VariantName = "[No Variations]"
Add component (AddParameter): Name = "Value"; Value = ""; VariantName = "[No Variations]"
Added Component: Designator=TP1(TP)
Added Component: Designator=TP2(TP)
Added Component: Designator=TP3(TP)
Added Component: Designator=TP4(TP)
Added Component: Designator=TP5(TP)
Added Component: Designator=TP6(TP)
Added Component: Designator=TP7(TP)
Added Component: Designator=TP8(TP)
Added Component: Designator=TP9(TP)
Added Component: Designator=TP10(TP)
Added Component: Designator=U1(SOP65P640X110-28N)
Add component (AddParameter): Name = "Availability"; Value = "In Stock"; VariantName = "[No Variations]"
Add component (AddParameter): Name = "MF"; Value = "NXP USA"; VariantName = "[No Variations]"
Add component (AddParameter): Name = "MP"; Value = "PCA9685PW,118"; VariantName = "[No Variations]"
Add component (AddParameter): Name = "Package"; Value = "TSSOP-28 NXP Semiconductors"; VariantName = "[No Variations]"
Add component (AddParameter): Name = "Price"; Value = "None"; VariantName = "[No Variations]"
Add component (AddParameter): Name = "Purchase-URL"; Value = "https://pricing.snapeda.com/search/part/PCA9685PW,118/?ref=eda"; VariantName = "[No Variations]"
Add component (AddParameter): Name = "Value"; Value = ""; VariantName = "[No Variations]"
Added Component: Designator=U2(DIP794W45P254L1969H508Q16)
Add component (AddParameter): Name = "Check_prices"; Value = "https://www.snapeda.com/parts/CD40109BE/Texas+Instruments/view-part/?ref=eda"; VariantName = "[No Variations]"
Add component (AddParameter): Name = "MF"; Value = "Texas Instruments"; VariantName = "[No Variations]"
Add component (AddParameter): Name = "MP"; Value = "CD40109BE"; VariantName = "[No Variations]"
Add component (AddParameter): Name = "Package"; Value = "PDIP-16 Texas Instruments"; VariantName = "[No Variations]"
Add component (AddParameter): Name = "SnapEDA_Link"; Value = "https://www.snapeda.com/parts/CD40109BE/Texas+Instruments/view-part/?ref=snap"; VariantName = "[No Variations]"
Add component (AddParameter): Name = "Value"; Value = ""; VariantName = "[No Variations]"
Added Component: Designator=XP1(XT30PW-M)
Add component (AddParameter): Name = "Manufacturer"; Value = "AMASS"; VariantName = "[No Variations]"
Add component (AddParameter): Name = "Part Number"; Value = "XT30PW-M"; VariantName = "[No Variations]"
Add component (AddParameter): Name = "Type"; Value = "XT"; VariantName = "[No Variations]"
Added Component: Designator=Все юарты обозначены относительно максов, то есть обратно относительно малины(PLD40)
Add component (AddParameter): Name = "Case"; Value = ""; VariantName = "[No Variations]"
Add component (AddParameter): Name = "Datasheet"; Value = "https://lib.chipdip.ru/463/DOC002463525.pdf"; VariantName = "[No Variations]"
Add component (AddParameter): Name = "Manufacturer"; Value = "Connfly"; VariantName = "[No Variations]"
Add component (AddParameter): Name = "Notice"; Value = "Вилка штырьевая 40 пинов, шаг 2,54мм"; VariantName = "[No Variations]"
Add component (AddParameter): Name = "Rate"; Value = "500В AC 1min"; VariantName = "[No Variations]"
Add component (AddParameter): Name = "Shop"; Value = "https://www.chipdip.ru/product/pld-40"; VariantName = "[No Variations]"
Add component (AddParameter): Name = "Value"; Value = "RPI 4B"; VariantName = "[No Variations]"
Add component (AddParameter): Name = "Value1"; Value = "{Value1}"; VariantName = "[No Variations]"
Add component (AddParameter): Name = "Value2"; Value = "{Value2}"; VariantName = "[No Variations]"
Add component (AddParameter): Name = "Value3"; Value = "{Value3}"; VariantName = "[No Variations]"
Add component (AddParameter): Name = "Value4"; Value = "{Value4}"; VariantName = "[No Variations]"
Add component (AddParameter): Name = "Value5"; Value = "{Value5}"; VariantName = "[No Variations]"
Add component (AddParameter): Name = "Value6"; Value = "{Value6}"; VariantName = "[No Variations]"
Add component (AddParameter): Name = "Value7"; Value = "{Value7}"; VariantName = "[No Variations]"
Add component (AddParameter): Name = "Value8"; Value = "{Value8}"; VariantName = "[No Variations]"
Add component (AddParameter): Name = "Value9"; Value = "{Value9}"; VariantName = "[No Variations]"
Add component (AddParameter): Name = "Value10"; Value = "{Value10}"; VariantName = "[No Variations]"
Add component (AddParameter): Name = "Value11"; Value = "{Value11}"; VariantName = "[No Variations]"
Add component (AddParameter): Name = "Value12"; Value = "{Value12}"; VariantName = "[No Variations]"
Add component (AddParameter): Name = "Value13"; Value = "{Value13}"; VariantName = "[No Variations]"
Add component (AddParameter): Name = "Value14"; Value = "{Value14}"; VariantName = "[No Variations]"
Add component (AddParameter): Name = "Value15"; Value = "{Value15}"; VariantName = "[No Variations]"
Add component (AddParameter): Name = "Value16"; Value = "{Value16}"; VariantName = "[No Variations]"
Add component (AddParameter): Name = "Value17"; Value = "{Value17}"; VariantName = "[No Variations]"
Add component (AddParameter): Name = "Value18"; Value = "{Value18}"; VariantName = "[No Variations]"
Add component (AddParameter): Name = "Value19"; Value = "{Value19}"; VariantName = "[No Variations]"
Add component (AddParameter): Name = "Value20"; Value = "{Value20}"; VariantName = "[No Variations]"
Add component (AddParameter): Name = "Value21"; Value = "{Value21}"; VariantName = "[No Variations]"
Add component (AddParameter): Name = "Value22"; Value = "{Value22}"; VariantName = "[No Variations]"
Add component (AddParameter): Name = "Value23"; Value = "{Value23}"; VariantName = "[No Variations]"
Add component (AddParameter): Name = "Value24"; Value = "{Value24}"; VariantName = "[No Variations]"
Add component (AddParameter): Name = "Value25"; Value = "{Value25}"; VariantName = "[No Variations]"
Add component (AddParameter): Name = "Value26"; Value = "{Value26}"; VariantName = "[No Variations]"
Add component (AddParameter): Name = "Value27"; Value = "{Value27}"; VariantName = "[No Variations]"
Add component (AddParameter): Name = "Value28"; Value = "{Value28}"; VariantName = "[No Variations]"
Add component (AddParameter): Name = "Value29"; Value = "{Value29}"; VariantName = "[No Variations]"
Add component (AddParameter): Name = "Value30"; Value = "{Value30}"; VariantName = "[No Variations]"
Add component (AddParameter): Name = "Value31"; Value = "{Value31}"; VariantName = "[No Variations]"
Add component (AddParameter): Name = "Value32"; Value = "{Value32}"; VariantName = "[No Variations]"
Add component (AddParameter): Name = "Value33"; Value = "{Value33}"; VariantName = "[No Variations]"
Add component (AddParameter): Name = "Value34"; Value = "{Value34}"; VariantName = "[No Variations]"
Add component (AddParameter): Name = "Value35"; Value = "{Value35}"; VariantName = "[No Variations]"
Add component (AddParameter): Name = "Value36"; Value = "{Value36}"; VariantName = "[No Variations]"
Add component (AddParameter): Name = "Value37"; Value = "{Value37}"; VariantName = "[No Variations]"
Add component (AddParameter): Name = "Value38"; Value = "{Value38}"; VariantName = "[No Variations]"
Add component (AddParameter): Name = "Value39"; Value = "{Value39}"; VariantName = "[No Variations]"
Add component (AddParameter): Name = "Value40"; Value = "{Value40}"; VariantName = "[No Variations]"
Added Pin To Net: NetName=5V Pin=C1-1
Added Pin To Net: NetName=GND Pin=C1-2
Added Pin To Net: NetName=3.3V Pin=C2-1
Added Pin To Net: NetName=GND Pin=C2-2
Added Pin To Net: NetName=5V Pin=C3-1
Added Pin To Net: NetName=GND Pin=C3-2
Added Pin To Net: NetName=3.3V Pin=C4-1
Added Pin To Net: NetName=GND Pin=C4-2
Added Pin To Net: NetName=GND Pin=DA1-1
Added Pin To Net: NetName=3.3V Pin=DA1-2
Added Pin To Net: NetName=5V Pin=DA1-3
Added Pin To Net: NetName=3.3V Pin=DA1-4
Added Pin To Net: NetName=GND Pin=DA2-1
Added Pin To Net: NetName=3.3V Pin=DA2-2
Added Pin To Net: NetName=5V Pin=DA2-3
Added Pin To Net: NetName=3.3V Pin=DA2-4
Added Pin To Net: NetName=3.3V Pin=DD1-1
Added Pin To Net: NetName=UART0_RX Pin=DD1-2
Added Pin To Net: NetName=UART0_TX Pin=DD1-3
Added Pin To Net: NetName=GND Pin=DD1-4
Added Pin To Net: NetName=RS485_N Pin=DD1-5
Added Pin To Net: NetName=RS485_P Pin=DD1-6
Added Pin To Net: NetName=RS485_N Pin=DD1-7
Added Pin To Net: NetName=RS485_P Pin=DD1-8
Added Pin To Net: NetName=3.3V Pin=DD2-1
Added Pin To Net: NetName=UART2_RX Pin=DD2-2
Added Pin To Net: NetName=UART2_TX Pin=DD2-3
Added Pin To Net: NetName=GND Pin=DD2-4
Added Pin To Net: NetName=RS485_2_N Pin=DD2-5
Added Pin To Net: NetName=RS485_2_P Pin=DD2-6
Added Pin To Net: NetName=RS485_2_N Pin=DD2-7
Added Pin To Net: NetName=RS485_2_P Pin=DD2-8
Added Pin To Net: NetName=3.3V Pin=DD3-1
Added Pin To Net: NetName=UART3_RX Pin=DD3-2
Added Pin To Net: NetName=UART3_TX Pin=DD3-3
Added Pin To Net: NetName=GND Pin=DD3-4
Added Pin To Net: NetName=RS485_3_N Pin=DD3-5
Added Pin To Net: NetName=RS485_3_P Pin=DD3-6
Added Pin To Net: NetName=RS485_3_N Pin=DD3-7
Added Pin To Net: NetName=RS485_3_P Pin=DD3-8
Added Pin To Net: NetName=3.3V Pin=DD4-1
Added Pin To Net: NetName=UART4_RX Pin=DD4-2
Added Pin To Net: NetName=UART4_TX Pin=DD4-3
Added Pin To Net: NetName=GND Pin=DD4-4
Added Pin To Net: NetName=RS485_4_N Pin=DD4-5
Added Pin To Net: NetName=RS485_4_P Pin=DD4-6
Added Pin To Net: NetName=RS485_4_N Pin=DD4-7
Added Pin To Net: NetName=RS485_4_P Pin=DD4-8
Added Pin To Net: NetName=RS485_P Pin=J1-01
Added Pin To Net: NetName=RS485_N Pin=J1-02
Added Pin To Net: NetName=RS485_2_P Pin=J1-03
Added Pin To Net: NetName=RS485_2_N Pin=J1-04
Added Pin To Net: NetName=UART0_RX Pin=J1-05
Added Pin To Net: NetName=UART0_TX Pin=J1-06
Added Pin To Net: NetName=UART3_RX Pin=J1-07
Added Pin To Net: NetName=UART3_TX Pin=J1-08
Added Pin To Net: NetName=UART4_RX Pin=J1-09
Added Pin To Net: NetName=UART4_TX Pin=J1-10
Added Pin To Net: NetName=I2C1_SCL Pin=J1-11
Added Pin To Net: NetName=I2C1_SDA Pin=J1-12
Added Pin To Net: NetName=PWM1 Pin=J1-13
Added Pin To Net: NetName=PWM2 Pin=J1-14
Added Pin To Net: NetName=PWM3 Pin=J1-15
Added Pin To Net: NetName=PWM4 Pin=J1-16
Added Pin To Net: NetName=NetLabel87 Pin=J1-17
Added Pin To Net: NetName=NetLabel88 Pin=J1-18
Added Pin To Net: NetName=NetLabel89 Pin=J1-19
Added Pin To Net: NetName=NetLabel90 Pin=J1-20
Added Pin To Net: NetName=NetLabel91 Pin=J1-21
Added Pin To Net: NetName=NetLabel92 Pin=J1-22
Added Pin To Net: NetName=NetLabel93 Pin=J1-23
Added Pin To Net: NetName=NetLabel94 Pin=J1-24
Added Pin To Net: NetName=NetLabel95 Pin=J1-25
Added Pin To Net: NetName=UART0_RX Pin=TP1-1
Added Pin To Net: NetName=UART0_TX Pin=TP2-1
Added Pin To Net: NetName=UART3_RX Pin=TP3-1
Added Pin To Net: NetName=UART3_TX Pin=TP4-1
Added Pin To Net: NetName=UART4_RX Pin=TP5-1
Added Pin To Net: NetName=UART4_TX Pin=TP6-1
Added Pin To Net: NetName=UART2_RX Pin=TP7-1
Added Pin To Net: NetName=UART2_TX Pin=TP8-1
Added Pin To Net: NetName=UART5_RX Pin=TP9-1
Added Pin To Net: NetName=UART5_TX Pin=TP10-1
Added Pin To Net: NetName=GND Pin=U1-1
Added Pin To Net: NetName=GND Pin=U1-2
Added Pin To Net: NetName=GND Pin=U1-3
Added Pin To Net: NetName=GND Pin=U1-4
Added Pin To Net: NetName=GND Pin=U1-5
Added Pin To Net: NetName=NetU1_6 Pin=U1-6
Added Pin To Net: NetName=NetU1_7 Pin=U1-7
Added Pin To Net: NetName=NetU1_8 Pin=U1-8
Added Pin To Net: NetName=NetU1_9 Pin=U1-9
Added Pin To Net: NetName=GND Pin=U1-14
Added Pin To Net: NetName=GND Pin=U1-24
Added Pin To Net: NetName=GND Pin=U1-25
Added Pin To Net: NetName=I2C1_SCL Pin=U1-26
Added Pin To Net: NetName=I2C1_SDA Pin=U1-27
Added Pin To Net: NetName=5V Pin=U1-28
Added Pin To Net: NetName=5V Pin=U2-1
Added Pin To Net: NetName=5V Pin=U2-2
Added Pin To Net: NetName=NetU1_6 Pin=U2-3
Added Pin To Net: NetName=PWM1 Pin=U2-4
Added Pin To Net: NetName=PWM2 Pin=U2-5
Added Pin To Net: NetName=NetU1_7 Pin=U2-6
Added Pin To Net: NetName=5V Pin=U2-7
Added Pin To Net: NetName=GND Pin=U2-8
Added Pin To Net: NetName=5V Pin=U2-9
Added Pin To Net: NetName=NetU1_9 Pin=U2-10
Added Pin To Net: NetName=PWM3 Pin=U2-11
Added Pin To Net: NetName=PWM4 Pin=U2-13
Added Pin To Net: NetName=NetU1_8 Pin=U2-14
Added Pin To Net: NetName=5V Pin=U2-15
Added Pin To Net: NetName=5V Pin=U2-16
Added Pin To Net: NetName=GND Pin=XP1-1
Added Pin To Net: NetName=5V Pin=XP1-2
Added Pin To Net: NetName=3.3V Pin=Все юарты обозначены относительно максов, то есть обратно относительно малины-1
Added Pin To Net: NetName=5V Pin=Все юарты обозначены относительно максов, то есть обратно относительно малины-2
Added Pin To Net: NetName=I2C1_SDA Pin=Все юарты обозначены относительно максов, то есть обратно относительно малины-3
Added Pin To Net: NetName=5V Pin=Все юарты обозначены относительно максов, то есть обратно относительно малины-4
Added Pin To Net: NetName=I2C1_SCL Pin=Все юарты обозначены относительно максов, то есть обратно относительно малины-5
Added Pin To Net: NetName=GND Pin=Все юарты обозначены относительно максов, то есть обратно относительно малины-6
Added Pin To Net: NetName=UART3_RX Pin=Все юарты обозначены относительно максов, то есть обратно относительно малины-7
Added Pin To Net: NetName=UART0_RX Pin=Все юарты обозначены относительно максов, то есть обратно относительно малины-8
Added Pin To Net: NetName=GND Pin=Все юарты обозначены относительно максов, то есть обратно относительно малины-9
Added Pin To Net: NetName=UART0_TX Pin=Все юарты обозначены относительно максов, то есть обратно относительно малины-10
Added Pin To Net: NetName=NetLabel44 Pin=Все юарты обозначены относительно максов, то есть обратно относительно малины-11
Added Pin To Net: NetName=NetLabel45 Pin=Все юарты обозначены относительно максов, то есть обратно относительно малины-12
Added Pin To Net: NetName=NetLabel46 Pin=Все юарты обозначены относительно максов, то есть обратно относительно малины-13
Added Pin To Net: NetName=GND Pin=Все юарты обозначены относительно максов, то есть обратно относительно малины-14
Added Pin To Net: NetName=NetLabel47 Pin=Все юарты обозначены относительно максов, то есть обратно относительно малины-15
Added Pin To Net: NetName=NetLabel48 Pin=Все юарты обозначены относительно максов, то есть обратно относительно малины-16
Added Pin To Net: NetName=3.3V Pin=Все юарты обозначены относительно максов, то есть обратно относительно малины-17
Added Pin To Net: NetName=NetLabel49 Pin=Все юарты обозначены относительно максов, то есть обратно относительно малины-18
Added Pin To Net: NetName=NetLabel50 Pin=Все юарты обозначены относительно максов, то есть обратно относительно малины-19
Added Pin To Net: NetName=GND Pin=Все юарты обозначены относительно максов, то есть обратно относительно малины-20
Added Pin To Net: NetName=UART4_TX Pin=Все юарты обозначены относительно максов, то есть обратно относительно малины-21
Added Pin To Net: NetName=NetLabel52 Pin=Все юарты обозначены относительно максов, то есть обратно относительно малины-22
Added Pin To Net: NetName=NetLabel53 Pin=Все юарты обозначены относительно максов, то есть обратно относительно малины-23
Added Pin To Net: NetName=UART4_RX Pin=Все юарты обозначены относительно максов, то есть обратно относительно малины-24
Added Pin To Net: NetName=GND Pin=Все юарты обозначены относительно максов, то есть обратно относительно малины-25
Added Pin To Net: NetName=NetLabel55 Pin=Все юарты обозначены относительно максов, то есть обратно относительно малины-26
Added Pin To Net: NetName=UART2_RX Pin=Все юарты обозначены относительно максов, то есть обратно относительно малины-27
Added Pin To Net: NetName=UART2_TX Pin=Все юарты обозначены относительно максов, то есть обратно относительно малины-28
Added Pin To Net: NetName=UART3_TX Pin=Все юарты обозначены относительно максов, то есть обратно относительно малины-29
Added Pin To Net: NetName=GND Pin=Все юарты обозначены относительно максов, то есть обратно относительно малины-30
Added Pin To Net: NetName=NetLabel59 Pin=Все юарты обозначены относительно максов, то есть обратно относительно малины-31
Added Pin To Net: NetName=UART5_RX Pin=Все юарты обозначены относительно максов, то есть обратно относительно малины-32
Added Pin To Net: NetName=UART5_TX Pin=Все юарты обозначены относительно максов, то есть обратно относительно малины-33
Added Pin To Net: NetName=GND Pin=Все юарты обозначены относительно максов, то есть обратно относительно малины-34
Added Pin To Net: NetName=NetLabel62 Pin=Все юарты обозначены относительно максов, то есть обратно относительно малины-35
Added Pin To Net: NetName=NetLabel63 Pin=Все юарты обозначены относительно максов, то есть обратно относительно малины-36
Added Pin To Net: NetName=NetLabel64 Pin=Все юарты обозначены относительно максов, то есть обратно относительно малины-37
Added Pin To Net: NetName=NetLabel65 Pin=Все юарты обозначены относительно максов, то есть обратно относительно малины-38
Added Pin To Net: NetName=GND Pin=Все юарты обозначены относительно максов, то есть обратно относительно малины-39
Added Pin To Net: NetName=NetLabel66 Pin=Все юарты обозначены относительно максов, то есть обратно относительно малины-40
Added Member To Class: ClassName=Main Member=Component C1 100 nF
Added Member To Class: ClassName=Main Member=Component C2 10 мкФ
Added Member To Class: ClassName=Main Member=Component C3 100 nF
Added Member To Class: ClassName=Main Member=Component C4 10 мкФ
Added Member To Class: ClassName=Main Member=Component DA1 LD1117S33TR
Added Member To Class: ClassName=Main Member=Component DA2 LD1117S33TR
Added Member To Class: ClassName=Main Member=Component DD1 MAX3071E
Added Member To Class: ClassName=Main Member=Component DD2 MAX3071E
Added Member To Class: ClassName=Main Member=Component DD3 MAX3071E
Added Member To Class: ClassName=Main Member=Component DD4 MAX3071E
Added Member To Class: ClassName=Main Member=Component J1 D25S13F6GL00LF
Added Member To Class: ClassName=Main Member=Component TP1 TP
Added Member To Class: ClassName=Main Member=Component TP2 TP
Added Member To Class: ClassName=Main Member=Component TP3 TP
Added Member To Class: ClassName=Main Member=Component TP4 TP
Added Member To Class: ClassName=Main Member=Component TP5 TP
Added Member To Class: ClassName=Main Member=Component TP6 TP
Added Member To Class: ClassName=Main Member=Component TP7 TP
Added Member To Class: ClassName=Main Member=Component TP8 TP
Added Member To Class: ClassName=Main Member=Component TP9 TP
Added Member To Class: ClassName=Main Member=Component TP10 TP
Added Member To Class: ClassName=Main Member=Component U1 PCA9685PW,118
Added Member To Class: ClassName=Main Member=Component U2 CD40109BE
Added Member To Class: ClassName=Main Member=Component XP1 XT30PW-M
Added Member To Class: ClassName=Main Member=Component Все юарты обозначены относительно максов, то есть обратно относительно малины PLD40
