Add Component: Footprint Not Found C0603C
Add Component: Footprint Not Found C0603C
Add Component: Footprint Not Found DIN 96 uglovoy
Added Component: Designator=J?(CINCH_DIN96SBSPF)
Add component (AddParameter): Name = "Availability"; Value = "In Stock"; VariantName = "[No Variations]"
Add component (AddParameter): Name = "Check_prices"; Value = "https://www.snapeda.com/parts/DIN96SBSPF/Cinch+Connectivity+Solutions/view-part/?ref=eda"; VariantName = "[No Variations]"
Add component (AddParameter): Name = "MF"; Value = "Cinch Connectivity Solutions"; VariantName = "[No Variations]"
Add component (AddParameter): Name = "MP"; Value = "DIN96SBSPF"; VariantName = "[No Variations]"
Add component (AddParameter): Name = "Package"; Value = "None"; VariantName = "[No Variations]"
Add component (AddParameter): Name = "Price"; Value = "None"; VariantName = "[No Variations]"
Add component (AddParameter): Name = "Purchase-URL"; Value = "https://pricing.snapeda.com/search?q=DIN96SBSPF&ref=eda"; VariantName = "[No Variations]"
Add component (AddParameter): Name = "SnapEDA_Link"; Value = "https://www.snapeda.com/parts/DIN96SBSPF/Cinch+Connectivity+Solutions/view-part/?ref=snap"; VariantName = "[No Variations]"
Add component (AddParameter): Name = "Value"; Value = ""; VariantName = "[No Variations]"
Added Component: Designator=J?(CINCH_DIN96SBSPF)
Add component (AddParameter): Name = "Availability"; Value = "In Stock"; VariantName = "[No Variations]"
Add component (AddParameter): Name = "Check_prices"; Value = "https://www.snapeda.com/parts/DIN96SBSPF/Cinch+Connectivity+Solutions/view-part/?ref=eda"; VariantName = "[No Variations]"
Add component (AddParameter): Name = "MF"; Value = "Cinch Connectivity Solutions"; VariantName = "[No Variations]"
Add component (AddParameter): Name = "MP"; Value = "DIN96SBSPF"; VariantName = "[No Variations]"
Add component (AddParameter): Name = "Package"; Value = "None"; VariantName = "[No Variations]"
Add component (AddParameter): Name = "Price"; Value = "None"; VariantName = "[No Variations]"
Add component (AddParameter): Name = "Purchase-URL"; Value = "https://pricing.snapeda.com/search?q=DIN96SBSPF&ref=eda"; VariantName = "[No Variations]"
Add component (AddParameter): Name = "SnapEDA_Link"; Value = "https://www.snapeda.com/parts/DIN96SBSPF/Cinch+Connectivity+Solutions/view-part/?ref=snap"; VariantName = "[No Variations]"
Add component (AddParameter): Name = "Value"; Value = ""; VariantName = "[No Variations]"
Added Component: Designator=J?(CINCH_DIN96SBSPF)
Add component (AddParameter): Name = "Availability"; Value = "In Stock"; VariantName = "[No Variations]"
Add component (AddParameter): Name = "Check_prices"; Value = "https://www.snapeda.com/parts/DIN96SBSPF/Cinch+Connectivity+Solutions/view-part/?ref=eda"; VariantName = "[No Variations]"
Add component (AddParameter): Name = "MF"; Value = "Cinch Connectivity Solutions"; VariantName = "[No Variations]"
Add component (AddParameter): Name = "MP"; Value = "DIN96SBSPF"; VariantName = "[No Variations]"
Add component (AddParameter): Name = "Package"; Value = "None"; VariantName = "[No Variations]"
Add component (AddParameter): Name = "Price"; Value = "None"; VariantName = "[No Variations]"
Add component (AddParameter): Name = "Purchase-URL"; Value = "https://pricing.snapeda.com/search?q=DIN96SBSPF&ref=eda"; VariantName = "[No Variations]"
Add component (AddParameter): Name = "SnapEDA_Link"; Value = "https://www.snapeda.com/parts/DIN96SBSPF/Cinch+Connectivity+Solutions/view-part/?ref=snap"; VariantName = "[No Variations]"
Add component (AddParameter): Name = "Value"; Value = ""; VariantName = "[No Variations]"
Add Component: Footprint Not Found C0603R
Add Component: Footprint Not Found C0603R
Add Component: Footprint Not Found C0603R
Add Component: Footprint Not Found C0603R
Add Component: Footprint Not Found SW2
Add Component: Footprint Not Found SW2
Add Component: Footprint Not Found SW2
Add Component: Footprint Not Found SW2
Add Component: Footprint Not Found MODULE_RASPBERRY_PI_4B_4GB
Add Component: Footprint Not Found SOIC127P600X175-14N
Add Pin To Net: Unknown Pin: Pin C6-1
Add Pin To Net: Unknown Pin: Pin C6-2
Add Pin To Net: Unknown Pin: Pin C7-1
Add Pin To Net: Unknown Pin: Pin C7-2
Add Pin To Net: Unknown Pin: Pin DIN1-1
Add Pin To Net: Unknown Pin: Pin DIN1-2
Add Pin To Net: Unknown Pin: Pin DIN1-3
Add Pin To Net: Unknown Pin: Pin DIN1-4
Add Pin To Net: Unknown Pin: Pin DIN1-5
Add Pin To Net: Unknown Pin: Pin DIN1-6
Add Pin To Net: Unknown Pin: Pin DIN1-7
Add Pin To Net: Unknown Pin: Pin DIN1-8
Add Pin To Net: Unknown Pin: Pin DIN1-9
Add Pin To Net: Unknown Pin: Pin DIN1-10
Add Pin To Net: Unknown Pin: Pin DIN1-11
Add Pin To Net: Unknown Pin: Pin DIN1-12
Add Pin To Net: Unknown Pin: Pin DIN1-13
Add Pin To Net: Unknown Pin: Pin DIN1-14
Add Pin To Net: Unknown Pin: Pin DIN1-15
Add Pin To Net: Unknown Pin: Pin DIN1-16
Add Pin To Net: Unknown Pin: Pin DIN1-17
Add Pin To Net: Unknown Pin: Pin DIN1-18
Add Pin To Net: Unknown Pin: Pin DIN1-19
Add Pin To Net: Unknown Pin: Pin DIN1-20
Add Pin To Net: Unknown Pin: Pin DIN1-27
Add Pin To Net: Unknown Pin: Pin DIN1-28
Add Pin To Net: Unknown Pin: Pin DIN1-29
Add Pin To Net: Unknown Pin: Pin DIN1-30
Add Pin To Net: Unknown Pin: Pin DIN1-31
Add Pin To Net: Unknown Pin: Pin DIN1-32
Add Pin To Net: Unknown Pin: Pin DIN1-33
Add Pin To Net: Unknown Pin: Pin DIN1-34
Add Pin To Net: Unknown Pin: Pin DIN1-35
Add Pin To Net: Unknown Pin: Pin DIN1-36
Add Pin To Net: Unknown Pin: Pin DIN1-37
Add Pin To Net: Unknown Pin: Pin DIN1-38
Add Pin To Net: Unknown Pin: Pin DIN1-39
Add Pin To Net: Unknown Pin: Pin DIN1-40
Add Pin To Net: Unknown Pin: Pin DIN1-41
Add Pin To Net: Unknown Pin: Pin DIN1-42
Add Pin To Net: Unknown Pin: Pin DIN1-43
Add Pin To Net: Unknown Pin: Pin DIN1-44
Add Pin To Net: Unknown Pin: Pin DIN1-55
Add Pin To Net: Unknown Pin: Pin DIN1-56
Add Pin To Net: Unknown Pin: Pin DIN1-61
Add Pin To Net: Unknown Pin: Pin DIN1-62
Add Pin To Net: Unknown Pin: Pin DIN1-63
Add Pin To Net: Unknown Pin: Pin DIN1-64
Add Pin To Net: Unknown Pin: Pin DIN1-67
Add Pin To Net: Unknown Pin: Pin DIN1-68
Add Pin To Net: Unknown Pin: Pin DIN1-69
Add Pin To Net: Unknown Pin: Pin DIN1-70
Add Pin To Net: Unknown Pin: Pin DIN1-78
Add Pin To Net: Unknown Pin: Pin DIN1-80
Add Pin To Net: Unknown Pin: Pin DIN1-81
Add Pin To Net: Unknown Pin: Pin DIN1-88
Add Pin To Net: Unknown Pin: Pin DIN1-89
Add Pin To Net: Unknown Pin: Pin DIN1-90
Add Pin To Net: Unknown Pin: Pin DIN1-94
Add Pin To Net: Unknown Pin: Pin DIN1-95
Added Pin To Net: NetName=GND Pin=J?-A1
Added Pin To Net: NetName=GND Pin=J?-A2
Added Pin To Net: NetName=GND Pin=J?-A3
Added Pin To Net: NetName=GND Pin=J?-A4
Added Pin To Net: NetName=GND Pin=J?-A5
Added Pin To Net: NetName=GND Pin=J?-A6
Added Pin To Net: NetName=GND Pin=J?-A7
Added Pin To Net: NetName=GND Pin=J?-A8
Added Pin To Net: NetName=GND Pin=J?-A9
Added Pin To Net: NetName=GND Pin=J?-A10
Added Pin To Net: NetName=V bat Pin=J?-A11
Added Pin To Net: NetName=V bat Pin=J?-A12
Added Pin To Net: NetName=V bat Pin=J?-A13
Added Pin To Net: NetName=V bat Pin=J?-A14
Added Pin To Net: NetName=V bat Pin=J?-A15
Added Pin To Net: NetName=V bat Pin=J?-A16
Added Pin To Net: NetName=V bat Pin=J?-A17
Added Pin To Net: NetName=V bat Pin=J?-A18
Added Pin To Net: NetName=V bat Pin=J?-A19
Added Pin To Net: NetName=V bat Pin=J?-A20
Added Pin To Net: NetName=RS485_P Pin=J?-A27
Added Pin To Net: NetName=RS485_N Pin=J?-A28
Add Pin To Net: Unknown Pin: Pin R3-1
Add Pin To Net: Unknown Pin: Pin R3-2
Add Pin To Net: Unknown Pin: Pin R4-1
Add Pin To Net: Unknown Pin: Pin R4-2
Add Pin To Net: Unknown Pin: Pin R5-1
Add Pin To Net: Unknown Pin: Pin R5-2
Add Pin To Net: Unknown Pin: Pin R6-1
Add Pin To Net: Unknown Pin: Pin R6-2
Add Pin To Net: Unknown Pin: Pin SW1-1
Add Pin To Net: Unknown Pin: Pin SW1-2
Add Pin To Net: Unknown Pin: Pin SW2-1
Add Pin To Net: Unknown Pin: Pin SW2-2
Add Pin To Net: Unknown Pin: Pin SW3-1
Add Pin To Net: Unknown Pin: Pin SW3-2
Add Pin To Net: Unknown Pin: Pin SW4-1
Add Pin To Net: Unknown Pin: Pin SW4-2
Add Pin To Net: Unknown Pin: Pin U3-2
Add Pin To Net: Unknown Pin: Pin U3-3
Add Pin To Net: Unknown Pin: Pin U3-4
Add Pin To Net: Unknown Pin: Pin U3-5
Add Pin To Net: Unknown Pin: Pin U3-6
Add Pin To Net: Unknown Pin: Pin U3-7
Add Pin To Net: Unknown Pin: Pin U3-8
Add Pin To Net: Unknown Pin: Pin U3-9
Add Pin To Net: Unknown Pin: Pin U3-10
Add Pin To Net: Unknown Pin: Pin U3-14
Add Pin To Net: Unknown Pin: Pin U3-19
Add Pin To Net: Unknown Pin: Pin U3-20
Add Pin To Net: Unknown Pin: Pin U3-21
Add Pin To Net: Unknown Pin: Pin U3-23
Add Pin To Net: Unknown Pin: Pin U3-25
Add Pin To Net: Unknown Pin: Pin U3-26
Add Pin To Net: Unknown Pin: Pin U3-27
Add Pin To Net: Unknown Pin: Pin U3-28
Add Pin To Net: Unknown Pin: Pin U3-29
Add Pin To Net: Unknown Pin: Pin U3-30
Add Pin To Net: Unknown Pin: Pin U3-32
Add Pin To Net: Unknown Pin: Pin U3-33
Add Pin To Net: Unknown Pin: Pin U3-34
Add Pin To Net: Unknown Pin: Pin U3-35
Add Pin To Net: Unknown Pin: Pin U3-36
Add Pin To Net: Unknown Pin: Pin U3-38
Add Pin To Net: Unknown Pin: Pin U3-39
Add Pin To Net: Unknown Pin: Pin U6-1
Add Pin To Net: Unknown Pin: Pin U6-2
Add Pin To Net: Unknown Pin: Pin U6-3
Add Pin To Net: Unknown Pin: Pin U6-4
Add Pin To Net: Unknown Pin: Pin U6-7
Add Pin To Net: Unknown Pin: Pin U6-14
Add Net: Net with name "PWM1" already exists
Add Net: Net with name "PWM2" already exists
Add Net: Net with name "PWM3" already exists
Add Net: Net with name "PWM4" already exists
Add Net: Net with name "PWM5" already exists
Add Net: Net with name "PWM6" already exists
Add Net: Net with name "PWM7" already exists
Add Net: Net with name "PWM8" already exists
Add Net: Net with name "PWM9" already exists
Add Net: Net with name "PWM10" already exists
Add Net: Net with name "PWM11" already exists
Add Net: Net with name "PWM12" already exists
Add Class: Class already exists: Designator
Add Class Member: Failed to add class member : Component C6 0,1לךװ
Add Class Member: Failed to add class member : Component C7 0,1לךװ
Add Class Member: Failed to add class member : Component R3 22 ך
Add Class Member: Failed to add class member : Component R4 22 ך
Add Class Member: Failed to add class member : Component R5 120
Add Class Member: Failed to add class member : Component R6 120
Add Class Member: Failed to add class member : Component SW1 SW2
Add Class Member: Failed to add class member : Component SW2
Add Class Member: Failed to add class member : Component SW3 SW2
Add Class Member: Failed to add class member : Component SW4 SW2
Add Class Member: Failed to add class member : Component U3 RASPBERRY_PI_4B_4GB
Add Class Member: Failed to add class member : Component U6 74HC14D
