Added Component: Designator=C1(C0402C)
Add component (AddParameter): Name = "ComponentLink1Description"; Value = "Datasheet"; VariantName = "[No Variations]"
Add component (AddParameter): Name = "ComponentLink1URL"; Value = ""; VariantName = "[No Variations]"
Add component (AddParameter): Name = "Dielectric"; Value = "X7R"; VariantName = "[No Variations]"
Add component (AddParameter): Name = "Manufacturer"; Value = "SAMSUNG"; VariantName = "[No Variations]"
Add component (AddParameter): Name = "Package"; Value = "SMD 0402"; VariantName = "[No Variations]"
Add component (AddParameter): Name = "Part Number"; Value = "CL05B103KA5NNNC"; VariantName = "[No Variations]"
Add component (AddParameter): Name = "Persent"; Value = "±10%"; VariantName = "[No Variations]"
Add component (AddParameter): Name = "Type"; Value = "Ceramic"; VariantName = "[No Variations]"
Add component (AddParameter): Name = "Value"; Value = "100 nF"; VariantName = "[No Variations]"
Add component (AddParameter): Name = "Voltage"; Value = "25 Â"; VariantName = "[No Variations]"
Added Component: Designator=C2(C0805C)
Add component (AddParameter): Name = "ComponentLink1Description"; Value = "Datasheet"; VariantName = "[No Variations]"
Add component (AddParameter): Name = "ComponentLink1URL"; Value = ""; VariantName = "[No Variations]"
Add component (AddParameter): Name = "Dielectric"; Value = "X7R"; VariantName = "[No Variations]"
Add component (AddParameter): Name = "Manufacturer"; Value = "SAMSUNG"; VariantName = "[No Variations]"
Add component (AddParameter): Name = "Package"; Value = "SMD 0805"; VariantName = "[No Variations]"
Add component (AddParameter): Name = "Part Number"; Value = "CL21B106KOQNNNE"; VariantName = "[No Variations]"
Add component (AddParameter): Name = "Persent"; Value = "±15%"; VariantName = "[No Variations]"
Add component (AddParameter): Name = "Type"; Value = "Ceramic"; VariantName = "[No Variations]"
Add component (AddParameter): Name = "Value"; Value = "10 ìêÔ"; VariantName = "[No Variations]"
Add component (AddParameter): Name = "Voltage"; Value = "16 Â"; VariantName = "[No Variations]"
Added Component: Designator=C6(C0603C)
Add component (AddParameter): Name = "ComponentLink1Description"; Value = "Datasheet"; VariantName = "[No Variations]"
Add component (AddParameter): Name = "ComponentLink1URL"; Value = ""; VariantName = "[No Variations]"
Add component (AddParameter): Name = "Dielectric"; Value = "X7R"; VariantName = "[No Variations]"
Add component (AddParameter): Name = "Manufacturer"; Value = "SAMSUNG"; VariantName = "[No Variations]"
Add component (AddParameter): Name = "Package"; Value = "SMD 0603"; VariantName = "[No Variations]"
Add component (AddParameter): Name = "Part Number"; Value = "CL10B152KB8NNNC"; VariantName = "[No Variations]"
Add component (AddParameter): Name = "Persent"; Value = "±15%"; VariantName = "[No Variations]"
Add component (AddParameter): Name = "Type"; Value = "Ceramic"; VariantName = "[No Variations]"
Add component (AddParameter): Name = "Value"; Value = "0,1ìêÔ"; VariantName = "[No Variations]"
Add component (AddParameter): Name = "Voltage"; Value = "16 Â"; VariantName = "[No Variations]"
Added Component: Designator=C7(C0603C)
Add component (AddParameter): Name = "ComponentLink1Description"; Value = "Datasheet"; VariantName = "[No Variations]"
Add component (AddParameter): Name = "ComponentLink1URL"; Value = ""; VariantName = "[No Variations]"
Add component (AddParameter): Name = "Dielectric"; Value = "X7R"; VariantName = "[No Variations]"
Add component (AddParameter): Name = "Manufacturer"; Value = "SAMSUNG"; VariantName = "[No Variations]"
Add component (AddParameter): Name = "Package"; Value = "SMD 0603"; VariantName = "[No Variations]"
Add component (AddParameter): Name = "Part Number"; Value = "CL10B152KB8NNNC"; VariantName = "[No Variations]"
Add component (AddParameter): Name = "Persent"; Value = "±15%"; VariantName = "[No Variations]"
Add component (AddParameter): Name = "Type"; Value = "Ceramic"; VariantName = "[No Variations]"
Add component (AddParameter): Name = "Value"; Value = "0,1ìêÔ"; VariantName = "[No Variations]"
Add component (AddParameter): Name = "Voltage"; Value = "16 Â"; VariantName = "[No Variations]"
Added Component: Designator=DA1(SOT-223)
Add component (AddParameter): Name = "Manufacturer"; Value = "STMicroelectronics"; VariantName = "[No Variations]"
Add component (AddParameter): Name = "Part Number"; Value = "LD1117S33TR"; VariantName = "[No Variations]"
Add component (AddParameter): Name = "Type"; Value = "Linear regulator"; VariantName = "[No Variations]"
Add Component: Footprint Not Found SKM30A05
Add Component: Footprint Not Found SKM30B12
Added Component: Designator=R3(C0603R)
Add component (AddParameter): Name = "Category"; Value = "R"; VariantName = "[No Variations]"
Add component (AddParameter): Name = "Manufacturer"; Value = "Yageo"; VariantName = "[No Variations]"
Add component (AddParameter): Name = "Package"; Value = "SMD 0603"; VariantName = "[No Variations]"
Add component (AddParameter): Name = "Part Number"; Value = "RC0603FR-0722KL"; VariantName = "[No Variations]"
Add component (AddParameter): Name = "Persent"; Value = "1%"; VariantName = "[No Variations]"
Add component (AddParameter): Name = "Power"; Value = "0,1"; VariantName = "[No Variations]"
Add component (AddParameter): Name = "TCR"; Value = "200 ppm"; VariantName = "[No Variations]"
Add component (AddParameter): Name = "Value"; Value = "22 ê"; VariantName = "[No Variations]"
Added Component: Designator=R4(C0603R)
Add component (AddParameter): Name = "Category"; Value = "R"; VariantName = "[No Variations]"
Add component (AddParameter): Name = "Manufacturer"; Value = "Yageo"; VariantName = "[No Variations]"
Add component (AddParameter): Name = "Package"; Value = "SMD 0603"; VariantName = "[No Variations]"
Add component (AddParameter): Name = "Part Number"; Value = "RC0603FR-0722KL"; VariantName = "[No Variations]"
Add component (AddParameter): Name = "Persent"; Value = "1%"; VariantName = "[No Variations]"
Add component (AddParameter): Name = "Power"; Value = "0,1"; VariantName = "[No Variations]"
Add component (AddParameter): Name = "TCR"; Value = "200 ppm"; VariantName = "[No Variations]"
Add component (AddParameter): Name = "Value"; Value = "22 ê"; VariantName = "[No Variations]"
Added Component: Designator=R5(C0603R)
Add component (AddParameter): Name = "Category"; Value = "R"; VariantName = "[No Variations]"
Add component (AddParameter): Name = "Manufacturer"; Value = "Yageo"; VariantName = "[No Variations]"
Add component (AddParameter): Name = "Package"; Value = "SMD 0603"; VariantName = "[No Variations]"
Add component (AddParameter): Name = "Part Number"; Value = "RC0603FR-07120RL"; VariantName = "[No Variations]"
Add component (AddParameter): Name = "Persent"; Value = "1%"; VariantName = "[No Variations]"
Add component (AddParameter): Name = "Power"; Value = "0,1"; VariantName = "[No Variations]"
Add component (AddParameter): Name = "TCR"; Value = "200 ppm"; VariantName = "[No Variations]"
Add component (AddParameter): Name = "Value"; Value = "120"; VariantName = "[No Variations]"
Added Component: Designator=R6(C0603R)
Add component (AddParameter): Name = "Category"; Value = "R"; VariantName = "[No Variations]"
Add component (AddParameter): Name = "Manufacturer"; Value = "Yageo"; VariantName = "[No Variations]"
Add component (AddParameter): Name = "Package"; Value = "SMD 0603"; VariantName = "[No Variations]"
Add component (AddParameter): Name = "Part Number"; Value = "RC0603FR-07120RL"; VariantName = "[No Variations]"
Add component (AddParameter): Name = "Persent"; Value = "1%"; VariantName = "[No Variations]"
Add component (AddParameter): Name = "Power"; Value = "0,1"; VariantName = "[No Variations]"
Add component (AddParameter): Name = "TCR"; Value = "200 ppm"; VariantName = "[No Variations]"
Add component (AddParameter): Name = "Value"; Value = "120"; VariantName = "[No Variations]"
Added Component: Designator=SW1(SW2)
Added Component: Designator=SW2(SW2)
Added Component: Designator=SW3(SW2)
Added Component: Designator=SW4(SW2)
Add Component: Footprint Not Found MODULE_RASPBERRY_PI_4B_4GB
Added Component: Designator=U6(SOIC127P600X175-14N)
Add component (AddParameter): Name = "Availability"; Value = "In Stock"; VariantName = "[No Variations]"
Add component (AddParameter): Name = "Check_prices"; Value = "https://www.snapeda.com/parts/74HC14D/Toshiba+Semiconductor+and+Storage/view-part/?ref=eda"; VariantName = "[No Variations]"
Add component (AddParameter): Name = "MF"; Value = "Toshiba"; VariantName = "[No Variations]"
Add component (AddParameter): Name = "MP"; Value = "74HC14D"; VariantName = "[No Variations]"
Add component (AddParameter): Name = "Package"; Value = "SO14-14 Nexperia USA Inc."; VariantName = "[No Variations]"
Add component (AddParameter): Name = "Price"; Value = "None"; VariantName = "[No Variations]"
Add component (AddParameter): Name = "Purchase-URL"; Value = "https://pricing.snapeda.com/search/part/74HC14D/?ref=eda"; VariantName = "[No Variations]"
Add component (AddParameter): Name = "SnapEDA_Link"; Value = "https://www.snapeda.com/parts/74HC14D/Toshiba+Semiconductor+and+Storage/view-part/?ref=snap"; VariantName = "[No Variations]"
Add component (AddParameter): Name = "Value"; Value = ""; VariantName = "[No Variations]"
Added Pin To Net: NetName=5V Pin=C1-1
Added Pin To Net: NetName=GND Pin=C1-2
Added Pin To Net: NetName=NetC2_1 Pin=C2-1
Added Pin To Net: NetName=GND Pin=C2-2
Added Pin To Net: NetName=NetC6_1 Pin=C6-1
Added Pin To Net: NetName=GND Pin=C6-2
Added Pin To Net: NetName=NetC7_1 Pin=C7-1
Added Pin To Net: NetName=GND Pin=C7-2
Added Pin To Net: NetName=GND Pin=DA1-1
Added Pin To Net: NetName=NetC2_1 Pin=DA1-2
Added Pin To Net: NetName=5V Pin=DA1-3
Added Pin To Net: NetName=NetC2_1 Pin=DA1-4
Add Pin To Net: Unknown Pin: Pin PS1-1
Add Pin To Net: Unknown Pin: Pin PS1-2
Add Pin To Net: Unknown Pin: Pin PS1-3
Add Pin To Net: Unknown Pin: Pin PS1-4
Add Pin To Net: Unknown Pin: Pin PS1-5
Add Pin To Net: Unknown Pin: Pin PS2-1
Add Pin To Net: Unknown Pin: Pin PS2-2
Add Pin To Net: Unknown Pin: Pin PS2-3
Add Pin To Net: Unknown Pin: Pin PS2-4
Add Pin To Net: Unknown Pin: Pin PS2-5
Added Pin To Net: NetName=UART0_TX Pin=R3-1
Added Pin To Net: NetName=NetC6_1 Pin=R3-2
Added Pin To Net: NetName=UART2_TX Pin=R4-1
Added Pin To Net: NetName=NetC7_1 Pin=R4-2
Added Pin To Net: NetName=RS485_N Pin=R5-1
Added Pin To Net: NetName=RS485_P Pin=R5-2
Added Pin To Net: NetName=RS485_2_N Pin=R6-1
Added Pin To Net: NetName=RS485_2_P Pin=R6-2
Added Pin To Net: NetName=UART0_RX Pin=SW1-1
Added Pin To Net: NetName=NetDD1_1 Pin=SW1-2
Added Pin To Net: NetName=UART0_TX Pin=SW2-1
Added Pin To Net: NetName=NetDD1_4 Pin=SW2-2
Added Pin To Net: NetName=UART2_RX Pin=SW3-1
Added Pin To Net: NetName=NetDD2_1 Pin=SW3-2
Added Pin To Net: NetName=UART2_TX Pin=SW4-1
Added Pin To Net: NetName=NetDD2_4 Pin=SW4-2
Add Pin To Net: Unknown Pin: Pin U3-2
Add Pin To Net: Unknown Pin: Pin U3-3
Add Pin To Net: Unknown Pin: Pin U3-4
Add Pin To Net: Unknown Pin: Pin U3-5
Add Pin To Net: Unknown Pin: Pin U3-6
Add Pin To Net: Unknown Pin: Pin U3-7
Add Pin To Net: Unknown Pin: Pin U3-8
Add Pin To Net: Unknown Pin: Pin U3-9
Add Pin To Net: Unknown Pin: Pin U3-10
Add Pin To Net: Unknown Pin: Pin U3-14
Add Pin To Net: Unknown Pin: Pin U3-19
Add Pin To Net: Unknown Pin: Pin U3-20
Add Pin To Net: Unknown Pin: Pin U3-23
Add Pin To Net: Unknown Pin: Pin U3-25
Add Pin To Net: Unknown Pin: Pin U3-27
Add Pin To Net: Unknown Pin: Pin U3-28
Add Pin To Net: Unknown Pin: Pin U3-29
Add Pin To Net: Unknown Pin: Pin U3-30
Add Pin To Net: Unknown Pin: Pin U3-34
Add Pin To Net: Unknown Pin: Pin U3-35
Add Pin To Net: Unknown Pin: Pin U3-36
Add Pin To Net: Unknown Pin: Pin U3-38
Add Pin To Net: Unknown Pin: Pin U3-39
Added Pin To Net: NetName=NetC6_1 Pin=U6-1
Added Pin To Net: NetName=NetDD1_2 Pin=U6-2
Added Pin To Net: NetName=NetC7_1 Pin=U6-3
Added Pin To Net: NetName=NetDD2_2 Pin=U6-4
Added Pin To Net: NetName=GND Pin=U6-7
Added Pin To Net: NetName=3.3V Pin=U6-14
Added Member To Class: ClassName=Power Member=Component C1 100 nF
Added Member To Class: ClassName=Power Member=Component C2 10 ìêÔ
Added Member To Class: ClassName=RPI Member=Component C6 0,1ìêÔ
Added Member To Class: ClassName=RPI Member=Component C7 0,1ìêÔ
Added Member To Class: ClassName=Power Member=Component DA1 LD1117S33TR
Add Class Member: Failed to add class member : Component PS1 SKM30A-05
Add Class Member: Failed to add class member : Component PS2 SKM30A-12
Added Member To Class: ClassName=RPI Member=Component R3 22 ê
Added Member To Class: ClassName=RPI Member=Component R4 22 ê
Added Member To Class: ClassName=RPI Member=Component R5 120
Added Member To Class: ClassName=RPI Member=Component R6 120
Added Member To Class: ClassName=RPI Member=Component SW1 SW2
Added Member To Class: ClassName=RPI Member=Component SW2
Added Member To Class: ClassName=RPI Member=Component SW3 SW2
Added Member To Class: ClassName=RPI Member=Component SW4 SW2
Add Class Member: Failed to add class member : Component U3 RASPBERRY_PI_4B_4GB
Added Member To Class: ClassName=RPI Member=Component U6
