Add Component: Footprint Not Found SKM30A05
Added Component: Designator=PS2(SKM30B12)
Add component (AddParameter): Name = "Arrow Part Number"; Value = "SKM30A-12"; VariantName = "[No Variations]"
Add component (AddParameter): Name = "Arrow Price/Stock"; Value = "https://www.arrow.com/en/products/skm30a-12/mean-well-enterprises"; VariantName = "[No Variations]"
Add component (AddParameter): Name = "Datasheet Link"; Value = "https://www.meanwell.com/webapp/product/search.aspx?prod=SKM30"; VariantName = "[No Variations]"
Add component (AddParameter): Name = "Height"; Value = "11.2mm"; VariantName = "[No Variations]"
Add component (AddParameter): Name = "Manufacturer_Name"; Value = "Mean Well"; VariantName = "[No Variations]"
Add component (AddParameter): Name = "Manufacturer_Part_Number"; Value = "SKM30A-12"; VariantName = "[No Variations]"
Add component (AddParameter): Name = "Mouser Part Number"; Value = "709-SKM30A-12"; VariantName = "[No Variations]"
Add component (AddParameter): Name = "Mouser Price/Stock"; Value = "https://www.mouser.co.uk/ProductDetail/MEAN-WELL/SKM30A-12?qs=WtedIhRlNpuG9wDURm5lSA%3D%3D"; VariantName = "[No Variations]"
Add Pin To Net: Unknown Pin: Pin PS1-1
Add Pin To Net: Unknown Pin: Pin PS1-2
Add Pin To Net: Unknown Pin: Pin PS1-3
Add Pin To Net: Unknown Pin: Pin PS1-4
Add Pin To Net: Unknown Pin: Pin PS1-5
Added Pin To Net: NetName=V bat Pin=PS2-1
Added Pin To Net: NetName=GND Pin=PS2-2
Added Pin To Net: NetName=GND Pin=PS2-3
Added Pin To Net: NetName=NetC4_1 Pin=PS2-4
Added Pin To Net: NetName=GND Pin=PS2-5
Add Class Member: Failed to add class member : Component PS1 SKM30A-05
Added Member To Class: ClassName=Power Member=Component PS2 SKM30A-12
