Change Component Comment : Designator=DD1 Old Comment=Value New Comment==Value
Change Component Comment : Designator=DD2 Old Comment=Value New Comment==Value
Add Component: Footprint Not Found C0402C
Add Component: Footprint Not Found C0805C
Added Component: Designator=C3(Capacitor 8x12)
Add component (AddParameter): Name = "Case"; Value = ""; VariantName = "[No Variations]"
Add component (AddParameter): Name = "Datasheet"; Value = ""; VariantName = "[No Variations]"
Add component (AddParameter): Name = "Manufactore"; Value = ""; VariantName = "[No Variations]"
Add component (AddParameter): Name = "Notice"; Value = ""; VariantName = "[No Variations]"
Add component (AddParameter): Name = "Rate"; Value = ""; VariantName = "[No Variations]"
Add component (AddParameter): Name = "Shop"; Value = ""; VariantName = "[No Variations]"
Add component (AddParameter): Name = "Value"; Value = "1000uF"; VariantName = "[No Variations]"
Added Component: Designator=C4(Capacitor 8x12)
Add component (AddParameter): Name = "Case"; Value = ""; VariantName = "[No Variations]"
Add component (AddParameter): Name = "Datasheet"; Value = ""; VariantName = "[No Variations]"
Add component (AddParameter): Name = "Manufactore"; Value = ""; VariantName = "[No Variations]"
Add component (AddParameter): Name = "Notice"; Value = ""; VariantName = "[No Variations]"
Add component (AddParameter): Name = "Rate"; Value = ""; VariantName = "[No Variations]"
Add component (AddParameter): Name = "Shop"; Value = ""; VariantName = "[No Variations]"
Add component (AddParameter): Name = "Value"; Value = "220uF"; VariantName = "[No Variations]"
Added Component: Designator=C5(Capacitor 10x12)
Add component (AddParameter): Name = "Case"; Value = ""; VariantName = "[No Variations]"
Add component (AddParameter): Name = "Datasheet"; Value = ""; VariantName = "[No Variations]"
Add component (AddParameter): Name = "Manufactore"; Value = ""; VariantName = "[No Variations]"
Add component (AddParameter): Name = "Notice"; Value = ""; VariantName = "[No Variations]"
Add component (AddParameter): Name = "Rate"; Value = ""; VariantName = "[No Variations]"
Add component (AddParameter): Name = "Shop"; Value = ""; VariantName = "[No Variations]"
Add component (AddParameter): Name = "Value"; Value = "1000uF"; VariantName = "[No Variations]"
Add Component: Footprint Not Found C0603C
Add Component: Footprint Not Found C0603C
Add Component: Footprint Not Found SOT-223
Add Component: Footprint Not Found DIN 96 uglovoy
Added Component: Designator=HL1(0805D)
Add component (AddParameter): Name = "Case"; Value = "-"; VariantName = "[No Variations]"
Add component (AddParameter): Name = "Color"; Value = "зеленый"; VariantName = "[No Variations]"
Add component (AddParameter): Name = "Datasheet"; Value = "-"; VariantName = "[No Variations]"
Add component (AddParameter): Name = "Manufacturer"; Value = "-"; VariantName = "[No Variations]"
Add component (AddParameter): Name = "Notice"; Value = "-"; VariantName = "[No Variations]"
Add component (AddParameter): Name = "Rate"; Value = "-"; VariantName = "[No Variations]"
Add component (AddParameter): Name = "Shop"; Value = "-"; VariantName = "[No Variations]"
Added Component: Designator=HL2(0805D)
Add component (AddParameter): Name = "Case"; Value = "-"; VariantName = "[No Variations]"
Add component (AddParameter): Name = "Color"; Value = "красный"; VariantName = "[No Variations]"
Add component (AddParameter): Name = "Datasheet"; Value = "-"; VariantName = "[No Variations]"
Add component (AddParameter): Name = "Manufacturer"; Value = "-"; VariantName = "[No Variations]"
Add component (AddParameter): Name = "Notice"; Value = "-"; VariantName = "[No Variations]"
Add component (AddParameter): Name = "Rate"; Value = "-"; VariantName = "[No Variations]"
Add component (AddParameter): Name = "Shop"; Value = "-"; VariantName = "[No Variations]"
Add Component: Footprint Not Found SKM30A05
Add Component: Footprint Not Found SKM30B12
Added Component: Designator=R1(0805R)
Add component (AddParameter): Name = "Case"; Value = ""; VariantName = "[No Variations]"
Add component (AddParameter): Name = "Datasheet"; Value = ""; VariantName = "[No Variations]"
Add component (AddParameter): Name = "Manufactore"; Value = ""; VariantName = "[No Variations]"
Add component (AddParameter): Name = "Notice"; Value = ""; VariantName = "[No Variations]"
Add component (AddParameter): Name = "Rate"; Value = ""; VariantName = "[No Variations]"
Add component (AddParameter): Name = "Shop"; Value = ""; VariantName = "[No Variations]"
Add component (AddParameter): Name = "Value"; Value = "9.1кќм"; VariantName = "[No Variations]"
Added Component: Designator=R2(0805R)
Add component (AddParameter): Name = "Case"; Value = ""; VariantName = "[No Variations]"
Add component (AddParameter): Name = "Datasheet"; Value = ""; VariantName = "[No Variations]"
Add component (AddParameter): Name = "Manufactore"; Value = ""; VariantName = "[No Variations]"
Add component (AddParameter): Name = "Notice"; Value = ""; VariantName = "[No Variations]"
Add component (AddParameter): Name = "Rate"; Value = ""; VariantName = "[No Variations]"
Add component (AddParameter): Name = "Shop"; Value = ""; VariantName = "[No Variations]"
Add component (AddParameter): Name = "Value"; Value = "2кќм"; VariantName = "[No Variations]"
Add Component: Footprint Not Found C0603R
Add Component: Footprint Not Found C0603R
Add Component: Footprint Not Found C0603R
Add Component: Footprint Not Found C0603R
Add Component: Footprint Not Found SW2
Add Component: Footprint Not Found SW2
Add Component: Footprint Not Found SW2
Add Component: Footprint Not Found SW2
Add Component: Footprint Not Found MODULE_RASPBERRY_PI_4B_4GB
Add Component: Footprint Not Found SOIC127P600X175-14N
Add Pin To Net: Unknown Pin: Pin C1-1
Add Pin To Net: Unknown Pin: Pin C1-2
Add Pin To Net: Unknown Pin: Pin C2-2
Added Pin To Net: NetName=GND Pin=C3-2
Added Pin To Net: NetName=V bat Pin=C5-1
Added Pin To Net: NetName=GND Pin=C5-2
Add Pin To Net: Unknown Pin: Pin C6-1
Add Pin To Net: Unknown Pin: Pin C6-2
Add Pin To Net: Unknown Pin: Pin C7-1
Add Pin To Net: Unknown Pin: Pin C7-2
Add Pin To Net: Unknown Pin: Pin DA1-1
Add Pin To Net: Unknown Pin: Pin DA1-3
Add Pin To Net: Unknown Pin: Pin DIN1-1
Add Pin To Net: Unknown Pin: Pin DIN1-2
Add Pin To Net: Unknown Pin: Pin DIN1-3
Add Pin To Net: Unknown Pin: Pin DIN1-4
Add Pin To Net: Unknown Pin: Pin DIN1-5
Add Pin To Net: Unknown Pin: Pin DIN1-6
Add Pin To Net: Unknown Pin: Pin DIN1-7
Add Pin To Net: Unknown Pin: Pin DIN1-8
Add Pin To Net: Unknown Pin: Pin DIN1-9
Add Pin To Net: Unknown Pin: Pin DIN1-10
Add Pin To Net: Unknown Pin: Pin DIN1-11
Add Pin To Net: Unknown Pin: Pin DIN1-12
Add Pin To Net: Unknown Pin: Pin DIN1-13
Add Pin To Net: Unknown Pin: Pin DIN1-14
Add Pin To Net: Unknown Pin: Pin DIN1-15
Add Pin To Net: Unknown Pin: Pin DIN1-16
Add Pin To Net: Unknown Pin: Pin DIN1-17
Add Pin To Net: Unknown Pin: Pin DIN1-18
Add Pin To Net: Unknown Pin: Pin DIN1-19
Add Pin To Net: Unknown Pin: Pin DIN1-20
Add Pin To Net: Unknown Pin: Pin DIN1-27
Add Pin To Net: Unknown Pin: Pin DIN1-28
Add Pin To Net: Unknown Pin: Pin DIN1-29
Add Pin To Net: Unknown Pin: Pin DIN1-30
Add Pin To Net: Unknown Pin: Pin DIN1-31
Add Pin To Net: Unknown Pin: Pin DIN1-32
Add Pin To Net: Unknown Pin: Pin DIN1-33
Add Pin To Net: Unknown Pin: Pin DIN1-34
Add Pin To Net: Unknown Pin: Pin DIN1-35
Add Pin To Net: Unknown Pin: Pin DIN1-36
Add Pin To Net: Unknown Pin: Pin DIN1-37
Add Pin To Net: Unknown Pin: Pin DIN1-38
Add Pin To Net: Unknown Pin: Pin DIN1-39
Add Pin To Net: Unknown Pin: Pin DIN1-40
Add Pin To Net: Unknown Pin: Pin DIN1-41
Add Pin To Net: Unknown Pin: Pin DIN1-42
Add Pin To Net: Unknown Pin: Pin DIN1-43
Add Pin To Net: Unknown Pin: Pin DIN1-44
Add Pin To Net: Unknown Pin: Pin DIN1-61
Add Pin To Net: Unknown Pin: Pin DIN1-62
Add Pin To Net: Unknown Pin: Pin DIN1-63
Add Pin To Net: Unknown Pin: Pin DIN1-64
Add Pin To Net: Unknown Pin: Pin DIN1-69
Add Pin To Net: Unknown Pin: Pin DIN1-70
Add Pin To Net: Unknown Pin: Pin DIN1-78
Add Pin To Net: Unknown Pin: Pin DIN1-80
Add Pin To Net: Unknown Pin: Pin DIN1-81
Added Pin To Net: NetName=PWM1 Pin=J1-C22
Added Pin To Net: NetName=PWM2 Pin=J1-C23
Added Pin To Net: NetName=PWM3 Pin=J1-C24
Added Pin To Net: NetName=PWM4 Pin=J1-C25
Added Pin To Net: NetName=PWM5 Pin=J1-C26
Added Pin To Net: NetName=PWM6 Pin=J1-C27
Added Pin To Net: NetName=PWM7 Pin=J1-C28
Added Pin To Net: NetName=PWM8 Pin=J1-C29
Added Pin To Net: NetName=PWM9 Pin=J1-C30
Added Pin To Net: NetName=PWM10 Pin=J1-C31
Add Pin To Net: Unknown Pin: Pin PS1-1
Add Pin To Net: Unknown Pin: Pin PS1-2
Add Pin To Net: Unknown Pin: Pin PS1-3
Add Pin To Net: Unknown Pin: Pin PS1-5
Add Pin To Net: Unknown Pin: Pin PS2-1
Add Pin To Net: Unknown Pin: Pin PS2-2
Add Pin To Net: Unknown Pin: Pin PS2-3
Add Pin To Net: Unknown Pin: Pin PS2-5
Added Pin To Net: NetName=GND Pin=R1-1
Added Pin To Net: NetName=GND Pin=R2-1
Add Pin To Net: Unknown Pin: Pin R3-1
Add Pin To Net: Unknown Pin: Pin R3-2
Add Pin To Net: Unknown Pin: Pin R4-1
Add Pin To Net: Unknown Pin: Pin R4-2
Add Pin To Net: Unknown Pin: Pin R5-1
Add Pin To Net: Unknown Pin: Pin R5-2
Add Pin To Net: Unknown Pin: Pin R6-1
Add Pin To Net: Unknown Pin: Pin R6-2
Add Pin To Net: Unknown Pin: Pin SW1-1
Add Pin To Net: Unknown Pin: Pin SW1-2
Add Pin To Net: Unknown Pin: Pin SW2-1
Add Pin To Net: Unknown Pin: Pin SW2-2
Add Pin To Net: Unknown Pin: Pin SW3-1
Add Pin To Net: Unknown Pin: Pin SW3-2
Add Pin To Net: Unknown Pin: Pin SW4-1
Add Pin To Net: Unknown Pin: Pin SW4-2
Add Pin To Net: Unknown Pin: Pin U3-2
Add Pin To Net: Unknown Pin: Pin U3-3
Add Pin To Net: Unknown Pin: Pin U3-4
Add Pin To Net: Unknown Pin: Pin U3-5
Add Pin To Net: Unknown Pin: Pin U3-6
Add Pin To Net: Unknown Pin: Pin U3-7
Add Pin To Net: Unknown Pin: Pin U3-8
Add Pin To Net: Unknown Pin: Pin U3-9
Add Pin To Net: Unknown Pin: Pin U3-10
Add Pin To Net: Unknown Pin: Pin U3-14
Add Pin To Net: Unknown Pin: Pin U3-19
Add Pin To Net: Unknown Pin: Pin U3-20
Add Pin To Net: Unknown Pin: Pin U3-21
Add Pin To Net: Unknown Pin: Pin U3-23
Add Pin To Net: Unknown Pin: Pin U3-25
Add Pin To Net: Unknown Pin: Pin U3-26
Add Pin To Net: Unknown Pin: Pin U3-27
Add Pin To Net: Unknown Pin: Pin U3-28
Add Pin To Net: Unknown Pin: Pin U3-29
Add Pin To Net: Unknown Pin: Pin U3-30
Add Pin To Net: Unknown Pin: Pin U3-32
Add Pin To Net: Unknown Pin: Pin U3-33
Add Pin To Net: Unknown Pin: Pin U3-34
Add Pin To Net: Unknown Pin: Pin U3-35
Add Pin To Net: Unknown Pin: Pin U3-36
Add Pin To Net: Unknown Pin: Pin U3-38
Add Pin To Net: Unknown Pin: Pin U3-39
Added Pin To Net: NetName=PWM11 Pin=U5-11
Added Pin To Net: NetName=PWM12 Pin=U5-13
Add Pin To Net: Unknown Pin: Pin U6-1
Add Pin To Net: Unknown Pin: Pin U6-2
Add Pin To Net: Unknown Pin: Pin U6-3
Add Pin To Net: Unknown Pin: Pin U6-4
Add Pin To Net: Unknown Pin: Pin U6-7
Add Pin To Net: Unknown Pin: Pin U6-14
Added Pin To Net: NetName=12V Pin=HL1-1
Added Pin To Net: NetName=12V Pin=HL2-1
Added Net: Name=12V
Added Net: Name=NetC2_1
Added Pin To Net: NetName=NetC3_1 Pin=C3-1
Added Net: Name=NetC3_1
Added Pin To Net: NetName=NetC4_1 Pin=C4-1
Added Net: Name=NetC4_1
Added Pin To Net: NetName=NetHL1_2 Pin=HL1-2
Added Pin To Net: NetName=NetHL1_2 Pin=R1-2
Added Net: Name=NetHL1_2
Added Pin To Net: NetName=NetHL2_2 Pin=HL2-2
Added Pin To Net: NetName=NetHL2_2 Pin=R2-2
Added Net: Name=NetHL2_2
Change Class Name : Old Net Name=Designator New Net Name=RPI
Added Class: Name=Connectors
Added Class: Name=Power
Add Class Member: Failed to add class member : Component C6 0,1мк‘
Add Class Member: Failed to add class member : Component C7 0,1мк‘
Add Class Member: Failed to add class member : Component R3 22 к
Add Class Member: Failed to add class member : Component R4 22 к
Add Class Member: Failed to add class member : Component R5 120
Add Class Member: Failed to add class member : Component R6 120
Add Class Member: Failed to add class member : Component SW1 SW2
Add Class Member: Failed to add class member : Component SW2
Add Class Member: Failed to add class member : Component SW3 SW2
Add Class Member: Failed to add class member : Component SW4 SW2
Add Class Member: Failed to add class member : Component U3 RASPBERRY_PI_4B_4GB
Add Class Member: Failed to add class member : Component U6 74HC14D
