Add Component: Footprint Not Found SKM30A05
Add Component: Footprint Not Found SKM30B12
Add Component: Footprint Not Found MODULE_RASPBERRY_PI_4B_4GB
Add Pin To Net: Unknown Pin: Pin PS1-1
Add Pin To Net: Unknown Pin: Pin PS1-2
Add Pin To Net: Unknown Pin: Pin PS1-3
Add Pin To Net: Unknown Pin: Pin PS1-4
Add Pin To Net: Unknown Pin: Pin PS1-5
Add Pin To Net: Unknown Pin: Pin PS2-1
Add Pin To Net: Unknown Pin: Pin PS2-2
Add Pin To Net: Unknown Pin: Pin PS2-3
Add Pin To Net: Unknown Pin: Pin PS2-4
Add Pin To Net: Unknown Pin: Pin PS2-5
Add Pin To Net: Unknown Pin: Pin U3-2
Add Pin To Net: Unknown Pin: Pin U3-3
Add Pin To Net: Unknown Pin: Pin U3-4
Add Pin To Net: Unknown Pin: Pin U3-5
Add Pin To Net: Unknown Pin: Pin U3-6
Add Pin To Net: Unknown Pin: Pin U3-7
Add Pin To Net: Unknown Pin: Pin U3-8
Add Pin To Net: Unknown Pin: Pin U3-9
Add Pin To Net: Unknown Pin: Pin U3-10
Add Pin To Net: Unknown Pin: Pin U3-14
Add Pin To Net: Unknown Pin: Pin U3-19
Add Pin To Net: Unknown Pin: Pin U3-20
Add Pin To Net: Unknown Pin: Pin U3-23
Add Pin To Net: Unknown Pin: Pin U3-25
Add Pin To Net: Unknown Pin: Pin U3-27
Add Pin To Net: Unknown Pin: Pin U3-28
Add Pin To Net: Unknown Pin: Pin U3-29
Add Pin To Net: Unknown Pin: Pin U3-30
Add Pin To Net: Unknown Pin: Pin U3-34
Add Pin To Net: Unknown Pin: Pin U3-35
Add Pin To Net: Unknown Pin: Pin U3-36
Add Pin To Net: Unknown Pin: Pin U3-38
Add Pin To Net: Unknown Pin: Pin U3-39
Add Class Member: Failed to add class member : Component PS1 SKM30A-05
Add Class Member: Failed to add class member : Component PS2 SKM30A-12
Add Class Member: Failed to add class member : Component U3 RASPBERRY_PI_4B_4GB
