Removed Member From Class: ClassName=Designator Member=J1
Add Component: Footprint Not Found C0603C
Add Component: Footprint Not Found C0603C
Add Component: Footprint Not Found DIN 96 uglovoy
Add Component: Footprint Not Found C0603R
Add Component: Footprint Not Found C0603R
Add Component: Footprint Not Found C0603R
Add Component: Footprint Not Found C0603R
Add Component: Footprint Not Found SW2
Add Component: Footprint Not Found SW2
Add Component: Footprint Not Found SW2
Add Component: Footprint Not Found SW2
Add Component: Footprint Not Found MODULE_RASPBERRY_PI_4B_4GB
Add Component: Footprint Not Found SOIC127P600X175-14N
Add Pin To Net: Unknown Pin: Pin C6-1
Add Pin To Net: Unknown Pin: Pin C6-2
Add Pin To Net: Unknown Pin: Pin C7-1
Add Pin To Net: Unknown Pin: Pin C7-2
Add Pin To Net: Unknown Pin: Pin DIN1-1
Add Pin To Net: Unknown Pin: Pin DIN1-2
Add Pin To Net: Unknown Pin: Pin DIN1-3
Add Pin To Net: Unknown Pin: Pin DIN1-4
Add Pin To Net: Unknown Pin: Pin DIN1-5
Add Pin To Net: Unknown Pin: Pin DIN1-6
Add Pin To Net: Unknown Pin: Pin DIN1-7
Add Pin To Net: Unknown Pin: Pin DIN1-8
Add Pin To Net: Unknown Pin: Pin DIN1-9
Add Pin To Net: Unknown Pin: Pin DIN1-10
Add Pin To Net: Unknown Pin: Pin DIN1-11
Add Pin To Net: Unknown Pin: Pin DIN1-12
Add Pin To Net: Unknown Pin: Pin DIN1-13
Add Pin To Net: Unknown Pin: Pin DIN1-14
Add Pin To Net: Unknown Pin: Pin DIN1-15
Add Pin To Net: Unknown Pin: Pin DIN1-16
Add Pin To Net: Unknown Pin: Pin DIN1-17
Add Pin To Net: Unknown Pin: Pin DIN1-18
Add Pin To Net: Unknown Pin: Pin DIN1-19
Add Pin To Net: Unknown Pin: Pin DIN1-20
Add Pin To Net: Unknown Pin: Pin DIN1-27
Add Pin To Net: Unknown Pin: Pin DIN1-28
Add Pin To Net: Unknown Pin: Pin DIN1-29
Add Pin To Net: Unknown Pin: Pin DIN1-30
Add Pin To Net: Unknown Pin: Pin DIN1-31
Add Pin To Net: Unknown Pin: Pin DIN1-32
Add Pin To Net: Unknown Pin: Pin DIN1-33
Add Pin To Net: Unknown Pin: Pin DIN1-34
Add Pin To Net: Unknown Pin: Pin DIN1-35
Add Pin To Net: Unknown Pin: Pin DIN1-36
Add Pin To Net: Unknown Pin: Pin DIN1-37
Add Pin To Net: Unknown Pin: Pin DIN1-38
Add Pin To Net: Unknown Pin: Pin DIN1-39
Add Pin To Net: Unknown Pin: Pin DIN1-40
Add Pin To Net: Unknown Pin: Pin DIN1-41
Add Pin To Net: Unknown Pin: Pin DIN1-42
Add Pin To Net: Unknown Pin: Pin DIN1-43
Add Pin To Net: Unknown Pin: Pin DIN1-44
Add Pin To Net: Unknown Pin: Pin DIN1-61
Add Pin To Net: Unknown Pin: Pin DIN1-62
Add Pin To Net: Unknown Pin: Pin DIN1-63
Add Pin To Net: Unknown Pin: Pin DIN1-64
Add Pin To Net: Unknown Pin: Pin DIN1-67
Add Pin To Net: Unknown Pin: Pin DIN1-68
Add Pin To Net: Unknown Pin: Pin DIN1-69
Add Pin To Net: Unknown Pin: Pin DIN1-70
Add Pin To Net: Unknown Pin: Pin DIN1-78
Add Pin To Net: Unknown Pin: Pin DIN1-80
Add Pin To Net: Unknown Pin: Pin DIN1-81
Added Pin To Net: NetName=ethernet 1 Pin=J1-A29
Added Pin To Net: NetName=ethernet 2 Pin=J1-A30
Added Pin To Net: NetName=ethernet 3 Pin=J1-A31
Added Pin To Net: NetName=ethernet 4 Pin=J1-A32
Added Pin To Net: NetName=PWM11 Pin=J1-B23
Added Pin To Net: NetName=PWM12 Pin=J1-B24
Added Pin To Net: NetName=ethernet 5 Pin=J1-B29
Added Pin To Net: NetName=ethernet 6 Pin=J1-B30
Added Pin To Net: NetName=ethernet 7 Pin=J1-B31
Added Pin To Net: NetName=ethernet 8 Pin=J1-B32
Add Pin To Net: Unknown Pin: Pin R3-1
Add Pin To Net: Unknown Pin: Pin R3-2
Add Pin To Net: Unknown Pin: Pin R4-1
Add Pin To Net: Unknown Pin: Pin R4-2
Add Pin To Net: Unknown Pin: Pin R5-1
Add Pin To Net: Unknown Pin: Pin R5-2
Add Pin To Net: Unknown Pin: Pin R6-1
Add Pin To Net: Unknown Pin: Pin R6-2
Add Pin To Net: Unknown Pin: Pin SW1-1
Add Pin To Net: Unknown Pin: Pin SW1-2
Add Pin To Net: Unknown Pin: Pin SW2-1
Add Pin To Net: Unknown Pin: Pin SW2-2
Add Pin To Net: Unknown Pin: Pin SW3-1
Add Pin To Net: Unknown Pin: Pin SW3-2
Add Pin To Net: Unknown Pin: Pin SW4-1
Add Pin To Net: Unknown Pin: Pin SW4-2
Added Pin To Net: NetName=PWM1 Pin=U2-4
Added Pin To Net: NetName=PWM2 Pin=U2-5
Added Pin To Net: NetName=PWM3 Pin=U2-11
Added Pin To Net: NetName=PWM4 Pin=U2-13
Add Pin To Net: Unknown Pin: Pin U3-2
Add Pin To Net: Unknown Pin: Pin U3-3
Add Pin To Net: Unknown Pin: Pin U3-4
Add Pin To Net: Unknown Pin: Pin U3-5
Add Pin To Net: Unknown Pin: Pin U3-6
Add Pin To Net: Unknown Pin: Pin U3-7
Add Pin To Net: Unknown Pin: Pin U3-8
Add Pin To Net: Unknown Pin: Pin U3-9
Add Pin To Net: Unknown Pin: Pin U3-10
Add Pin To Net: Unknown Pin: Pin U3-14
Add Pin To Net: Unknown Pin: Pin U3-19
Add Pin To Net: Unknown Pin: Pin U3-20
Add Pin To Net: Unknown Pin: Pin U3-21
Add Pin To Net: Unknown Pin: Pin U3-23
Add Pin To Net: Unknown Pin: Pin U3-25
Add Pin To Net: Unknown Pin: Pin U3-26
Add Pin To Net: Unknown Pin: Pin U3-27
Add Pin To Net: Unknown Pin: Pin U3-28
Add Pin To Net: Unknown Pin: Pin U3-29
Add Pin To Net: Unknown Pin: Pin U3-30
Add Pin To Net: Unknown Pin: Pin U3-32
Add Pin To Net: Unknown Pin: Pin U3-33
Add Pin To Net: Unknown Pin: Pin U3-34
Add Pin To Net: Unknown Pin: Pin U3-35
Add Pin To Net: Unknown Pin: Pin U3-36
Add Pin To Net: Unknown Pin: Pin U3-38
Add Pin To Net: Unknown Pin: Pin U3-39
Added Pin To Net: NetName=PWM5 Pin=U4-4
Added Pin To Net: NetName=PWM6 Pin=U4-5
Added Pin To Net: NetName=PWM7 Pin=U4-11
Added Pin To Net: NetName=PWM8 Pin=U4-13
Added Pin To Net: NetName=PWM9 Pin=U5-4
Added Pin To Net: NetName=PWM10 Pin=U5-5
Add Pin To Net: Unknown Pin: Pin U6-1
Add Pin To Net: Unknown Pin: Pin U6-2
Add Pin To Net: Unknown Pin: Pin U6-3
Add Pin To Net: Unknown Pin: Pin U6-4
Add Pin To Net: Unknown Pin: Pin U6-7
Add Pin To Net: Unknown Pin: Pin U6-14
Add Net: Net with name "PWM11" already exists
Add Net: Net with name "PWM12" already exists
Add Class: Class already exists: Designator
Add Class Member: Failed to add class member : Component C6 0,1לךװ
Add Class Member: Failed to add class member : Component C7 0,1לךװ
Add Class Member: Failed to add class member : Component R3 22 ך
Add Class Member: Failed to add class member : Component R4 22 ך
Add Class Member: Failed to add class member : Component R5 120
Add Class Member: Failed to add class member : Component R6 120
Add Class Member: Failed to add class member : Component SW1 SW2
Add Class Member: Failed to add class member : Component SW2
Add Class Member: Failed to add class member : Component SW3 SW2
Add Class Member: Failed to add class member : Component SW4 SW2
Add Class Member: Failed to add class member : Component U3 RASPBERRY_PI_4B_4GB
Add Class Member: Failed to add class member : Component U6 74HC14D
